This is pdfTeX, Version 3.1415926-2.5-1.40.14 (TeX Live 2013/Debian) (format=pdflatex 2016.11.12)  18 DEC 2016 12:07
entering extended mode
 restricted \write18 enabled.
 %&-line parsing enabled.
**thesis.tex
(./thesis.tex
LaTeX2e <2011/06/27>
Babel <3.9h> and hyphenation patterns for 27 languages loaded.
(/usr/share/texlive/texmf-dist/tex/latex/base/book.cls
Document Class: book 2007/10/19 v1.4h Standard LaTeX document class
(/usr/share/texlive/texmf-dist/tex/latex/base/bk12.clo
File: bk12.clo 2007/10/19 v1.4h Standard LaTeX file (size option)
)
\c@part=\count79
\c@chapter=\count80
\c@section=\count81
\c@subsection=\count82
\c@subsubsection=\count83
\c@paragraph=\count84
\c@subparagraph=\count85
\c@figure=\count86
\c@table=\count87
\abovecaptionskip=\skip41
\belowcaptionskip=\skip42
\bibindent=\dimen102
) (./Style/thesis.sty
(/usr/share/texlive/texmf-dist/tex/latex/base/inputenc.sty
Package: inputenc 2008/03/30 v1.1d Input encoding file
\inpenc@prehook=\toks14
\inpenc@posthook=\toks15

(/usr/share/texlive/texmf-dist/tex/latex/base/utf8.def
File: utf8.def 2008/04/05 v1.1m UTF-8 support for inputenc
Now handling font encoding OML ...
... no UTF-8 mapping file for font encoding OML
Now handling font encoding T1 ...
... processing UTF-8 mapping file for font encoding T1

(/usr/share/texlive/texmf-dist/tex/latex/base/t1enc.dfu
File: t1enc.dfu 2008/04/05 v1.1m UTF-8 support for inputenc
   defining Unicode char U+00A1 (decimal 161)
   defining Unicode char U+00A3 (decimal 163)
   defining Unicode char U+00AB (decimal 171)
   defining Unicode char U+00BB (decimal 187)
   defining Unicode char U+00BF (decimal 191)
   defining Unicode char U+00C0 (decimal 192)
   defining Unicode char U+00C1 (decimal 193)
   defining Unicode char U+00C2 (decimal 194)
   defining Unicode char U+00C3 (decimal 195)
   defining Unicode char U+00C4 (decimal 196)
   defining Unicode char U+00C5 (decimal 197)
   defining Unicode char U+00C6 (decimal 198)
   defining Unicode char U+00C7 (decimal 199)
   defining Unicode char U+00C8 (decimal 200)
   defining Unicode char U+00C9 (decimal 201)
   defining Unicode char U+00CA (decimal 202)
   defining Unicode char U+00CB (decimal 203)
   defining Unicode char U+00CC (decimal 204)
   defining Unicode char U+00CD (decimal 205)
   defining Unicode char U+00CE (decimal 206)
   defining Unicode char U+00CF (decimal 207)
   defining Unicode char U+00D0 (decimal 208)
   defining Unicode char U+00D1 (decimal 209)
   defining Unicode char U+00D2 (decimal 210)
   defining Unicode char U+00D3 (decimal 211)
   defining Unicode char U+00D4 (decimal 212)
   defining Unicode char U+00D5 (decimal 213)
   defining Unicode char U+00D6 (decimal 214)
   defining Unicode char U+00D8 (decimal 216)
   defining Unicode char U+00D9 (decimal 217)
   defining Unicode char U+00DA (decimal 218)
   defining Unicode char U+00DB (decimal 219)
   defining Unicode char U+00DC (decimal 220)
   defining Unicode char U+00DD (decimal 221)
   defining Unicode char U+00DE (decimal 222)
   defining Unicode char U+00DF (decimal 223)
   defining Unicode char U+00E0 (decimal 224)
   defining Unicode char U+00E1 (decimal 225)
   defining Unicode char U+00E2 (decimal 226)
   defining Unicode char U+00E3 (decimal 227)
   defining Unicode char U+00E4 (decimal 228)
   defining Unicode char U+00E5 (decimal 229)
   defining Unicode char U+00E6 (decimal 230)
   defining Unicode char U+00E7 (decimal 231)
   defining Unicode char U+00E8 (decimal 232)
   defining Unicode char U+00E9 (decimal 233)
   defining Unicode char U+00EA (decimal 234)
   defining Unicode char U+00EB (decimal 235)
   defining Unicode char U+00EC (decimal 236)
   defining Unicode char U+00ED (decimal 237)
   defining Unicode char U+00EE (decimal 238)
   defining Unicode char U+00EF (decimal 239)
   defining Unicode char U+00F0 (decimal 240)
   defining Unicode char U+00F1 (decimal 241)
   defining Unicode char U+00F2 (decimal 242)
   defining Unicode char U+00F3 (decimal 243)
   defining Unicode char U+00F4 (decimal 244)
   defining Unicode char U+00F5 (decimal 245)
   defining Unicode char U+00F6 (decimal 246)
   defining Unicode char U+00F8 (decimal 248)
   defining Unicode char U+00F9 (decimal 249)
   defining Unicode char U+00FA (decimal 250)
   defining Unicode char U+00FB (decimal 251)
   defining Unicode char U+00FC (decimal 252)
   defining Unicode char U+00FD (decimal 253)
   defining Unicode char U+00FE (decimal 254)
   defining Unicode char U+00FF (decimal 255)
   defining Unicode char U+0102 (decimal 258)
   defining Unicode char U+0103 (decimal 259)
   defining Unicode char U+0104 (decimal 260)
   defining Unicode char U+0105 (decimal 261)
   defining Unicode char U+0106 (decimal 262)
   defining Unicode char U+0107 (decimal 263)
   defining Unicode char U+010C (decimal 268)
   defining Unicode char U+010D (decimal 269)
   defining Unicode char U+010E (decimal 270)
   defining Unicode char U+010F (decimal 271)
   defining Unicode char U+0110 (decimal 272)
   defining Unicode char U+0111 (decimal 273)
   defining Unicode char U+0118 (decimal 280)
   defining Unicode char U+0119 (decimal 281)
   defining Unicode char U+011A (decimal 282)
   defining Unicode char U+011B (decimal 283)
   defining Unicode char U+011E (decimal 286)
   defining Unicode char U+011F (decimal 287)
   defining Unicode char U+0130 (decimal 304)
   defining Unicode char U+0131 (decimal 305)
   defining Unicode char U+0132 (decimal 306)
   defining Unicode char U+0133 (decimal 307)
   defining Unicode char U+0139 (decimal 313)
   defining Unicode char U+013A (decimal 314)
   defining Unicode char U+013D (decimal 317)
   defining Unicode char U+013E (decimal 318)
   defining Unicode char U+0141 (decimal 321)
   defining Unicode char U+0142 (decimal 322)
   defining Unicode char U+0143 (decimal 323)
   defining Unicode char U+0144 (decimal 324)
   defining Unicode char U+0147 (decimal 327)
   defining Unicode char U+0148 (decimal 328)
   defining Unicode char U+014A (decimal 330)
   defining Unicode char U+014B (decimal 331)
   defining Unicode char U+0150 (decimal 336)
   defining Unicode char U+0151 (decimal 337)
   defining Unicode char U+0152 (decimal 338)
   defining Unicode char U+0153 (decimal 339)
   defining Unicode char U+0154 (decimal 340)
   defining Unicode char U+0155 (decimal 341)
   defining Unicode char U+0158 (decimal 344)
   defining Unicode char U+0159 (decimal 345)
   defining Unicode char U+015A (decimal 346)
   defining Unicode char U+015B (decimal 347)
   defining Unicode char U+015E (decimal 350)
   defining Unicode char U+015F (decimal 351)
   defining Unicode char U+0160 (decimal 352)
   defining Unicode char U+0161 (decimal 353)
   defining Unicode char U+0162 (decimal 354)
   defining Unicode char U+0163 (decimal 355)
   defining Unicode char U+0164 (decimal 356)
   defining Unicode char U+0165 (decimal 357)
   defining Unicode char U+016E (decimal 366)
   defining Unicode char U+016F (decimal 367)
   defining Unicode char U+0170 (decimal 368)
   defining Unicode char U+0171 (decimal 369)
   defining Unicode char U+0178 (decimal 376)
   defining Unicode char U+0179 (decimal 377)
   defining Unicode char U+017A (decimal 378)
   defining Unicode char U+017B (decimal 379)
   defining Unicode char U+017C (decimal 380)
   defining Unicode char U+017D (decimal 381)
   defining Unicode char U+017E (decimal 382)
   defining Unicode char U+200C (decimal 8204)
   defining Unicode char U+2013 (decimal 8211)
   defining Unicode char U+2014 (decimal 8212)
   defining Unicode char U+2018 (decimal 8216)
   defining Unicode char U+2019 (decimal 8217)
   defining Unicode char U+201A (decimal 8218)
   defining Unicode char U+201C (decimal 8220)
   defining Unicode char U+201D (decimal 8221)
   defining Unicode char U+201E (decimal 8222)
   defining Unicode char U+2030 (decimal 8240)
   defining Unicode char U+2031 (decimal 8241)
   defining Unicode char U+2039 (decimal 8249)
   defining Unicode char U+203A (decimal 8250)
   defining Unicode char U+2423 (decimal 9251)
)
Now handling font encoding OT1 ...
... processing UTF-8 mapping file for font encoding OT1

(/usr/share/texlive/texmf-dist/tex/latex/base/ot1enc.dfu
File: ot1enc.dfu 2008/04/05 v1.1m UTF-8 support for inputenc
   defining Unicode char U+00A1 (decimal 161)
   defining Unicode char U+00A3 (decimal 163)
   defining Unicode char U+00B8 (decimal 184)
   defining Unicode char U+00BF (decimal 191)
   defining Unicode char U+00C5 (decimal 197)
   defining Unicode char U+00C6 (decimal 198)
   defining Unicode char U+00D8 (decimal 216)
   defining Unicode char U+00DF (decimal 223)
   defining Unicode char U+00E6 (decimal 230)
   defining Unicode char U+00EC (decimal 236)
   defining Unicode char U+00ED (decimal 237)
   defining Unicode char U+00EE (decimal 238)
   defining Unicode char U+00EF (decimal 239)
   defining Unicode char U+00F8 (decimal 248)
   defining Unicode char U+0131 (decimal 305)
   defining Unicode char U+0141 (decimal 321)
   defining Unicode char U+0142 (decimal 322)
   defining Unicode char U+0152 (decimal 338)
   defining Unicode char U+0153 (decimal 339)
   defining Unicode char U+2013 (decimal 8211)
   defining Unicode char U+2014 (decimal 8212)
   defining Unicode char U+2018 (decimal 8216)
   defining Unicode char U+2019 (decimal 8217)
   defining Unicode char U+201C (decimal 8220)
   defining Unicode char U+201D (decimal 8221)
)
Now handling font encoding OMS ...
... processing UTF-8 mapping file for font encoding OMS

(/usr/share/texlive/texmf-dist/tex/latex/base/omsenc.dfu
File: omsenc.dfu 2008/04/05 v1.1m UTF-8 support for inputenc
   defining Unicode char U+00A7 (decimal 167)
   defining Unicode char U+00B6 (decimal 182)
   defining Unicode char U+00B7 (decimal 183)
   defining Unicode char U+2020 (decimal 8224)
   defining Unicode char U+2021 (decimal 8225)
   defining Unicode char U+2022 (decimal 8226)
)
Now handling font encoding OMX ...
... no UTF-8 mapping file for font encoding OMX
Now handling font encoding U ...
... no UTF-8 mapping file for font encoding U
   defining Unicode char U+00A9 (decimal 169)
   defining Unicode char U+00AA (decimal 170)
   defining Unicode char U+00AE (decimal 174)
   defining Unicode char U+00BA (decimal 186)
   defining Unicode char U+02C6 (decimal 710)
   defining Unicode char U+02DC (decimal 732)
   defining Unicode char U+200C (decimal 8204)
   defining Unicode char U+2026 (decimal 8230)
   defining Unicode char U+2122 (decimal 8482)
   defining Unicode char U+2423 (decimal 9251)
))
(/usr/share/texmf/tex/latex/xcolor/xcolor.sty
Package: xcolor 2007/01/21 v2.11 LaTeX color extensions (UK)

(/usr/share/texlive/texmf-dist/tex/latex/latexconfig/color.cfg
File: color.cfg 2007/01/18 v1.5 color configuration of teTeX/TeXLive
)
Package xcolor Info: Driver file: pdftex.def on input line 225.

(/usr/share/texlive/texmf-dist/tex/latex/pdftex-def/pdftex.def
File: pdftex.def 2011/05/27 v0.06d Graphics/color for pdfTeX

(/usr/share/texlive/texmf-dist/tex/generic/oberdiek/infwarerr.sty
Package: infwarerr 2010/04/08 v1.3 Providing info/warning/error messages (HO)
)
(/usr/share/texlive/texmf-dist/tex/generic/oberdiek/ltxcmds.sty
Package: ltxcmds 2011/11/09 v1.22 LaTeX kernel commands for general use (HO)
)
\Gread@gobject=\count88
)
Package xcolor Info: Model `cmy' substituted by `cmy0' on input line 1337.
Package xcolor Info: Model `hsb' substituted by `rgb' on input line 1341.
Package xcolor Info: Model `RGB' extended on input line 1353.
Package xcolor Info: Model `HTML' substituted by `rgb' on input line 1355.
Package xcolor Info: Model `Hsb' substituted by `hsb' on input line 1356.
Package xcolor Info: Model `tHsb' substituted by `hsb' on input line 1357.
Package xcolor Info: Model `HSB' substituted by `hsb' on input line 1358.
Package xcolor Info: Model `Gray' substituted by `gray' on input line 1359.
Package xcolor Info: Model `wave' substituted by `hsb' on input line 1360.
)
(/usr/share/texlive/texmf-dist/tex/generic/babel/babel.sty
Package: babel 2013/12/03 3.9h The Babel package

(/usr/share/texlive/texmf-dist/tex/generic/babel-italian/italian.ldf
Language: italian 2013/11/22 v1.3f Italian support from the babel system

(/usr/share/texlive/texmf-dist/tex/generic/babel/babel.def
File: babel.def 2013/12/03 3.9h Babel common definitions
\babel@savecnt=\count89
\U@D=\dimen103
)
\it@lettering=\count90
Package babel Info: Making " an active character on input line 98.
\Virgola=\count91
)
(/usr/share/texlive/texmf-dist/tex/generic/babel-english/english.ldf
Language: english 2012/08/20 v3.3p English support from the babel system
\l@british = a dialect from \language\l@english 
\l@UKenglish = a dialect from \language\l@english 
\l@canadian = a dialect from \language\l@american 
\l@australian = a dialect from \language\l@british 
\l@newzealand = a dialect from \language\l@british 
))
(/usr/share/texlive/texmf-dist/tex/latex/etoolbox/etoolbox.sty
Package: etoolbox 2011/01/03 v2.1 e-TeX tools for LaTeX

(/usr/share/texlive/texmf-dist/tex/latex/etex-pkg/etex.sty
Package: etex 1998/03/26 v2.0 eTeX basic definition package (PEB)
\et@xins=\count92
)
\etb@tempcnta=\count93
)
(/usr/share/texlive/texmf-dist/tex/latex/geometry/geometry.sty
Package: geometry 2010/09/12 v5.6 Page Geometry

(/usr/share/texlive/texmf-dist/tex/latex/graphics/keyval.sty
Package: keyval 1999/03/16 v1.13 key=value parser (DPC)
\KV@toks@=\toks16
)
(/usr/share/texlive/texmf-dist/tex/generic/oberdiek/ifpdf.sty
Package: ifpdf 2011/01/30 v2.3 Provides the ifpdf switch (HO)
Package ifpdf Info: pdfTeX in PDF mode is detected.
)
(/usr/share/texlive/texmf-dist/tex/generic/oberdiek/ifvtex.sty
Package: ifvtex 2010/03/01 v1.5 Detect VTeX and its facilities (HO)
Package ifvtex Info: VTeX not detected.
)
(/usr/share/texlive/texmf-dist/tex/generic/ifxetex/ifxetex.sty
Package: ifxetex 2010/09/12 v0.6 Provides ifxetex conditional
)
\Gm@cnth=\count94
\Gm@cntv=\count95
\c@Gm@tempcnt=\count96
\Gm@bindingoffset=\dimen104
\Gm@wd@mp=\dimen105
\Gm@odd@mp=\dimen106
\Gm@even@mp=\dimen107
\Gm@layoutwidth=\dimen108
\Gm@layoutheight=\dimen109
\Gm@layouthoffset=\dimen110
\Gm@layoutvoffset=\dimen111
\Gm@dimlist=\toks17
)
(/usr/share/texlive/texmf-dist/tex/latex/float/float.sty
Package: float 2001/11/08 v1.3d Float enhancements (AL)
\c@float@type=\count97
\float@exts=\toks18
\float@box=\box26
\@float@everytoks=\toks19
\@floatcapt=\box27
)
(/usr/share/texlive/texmf-dist/tex/latex/amsmath/amsmath.sty
Package: amsmath 2013/01/14 v2.14 AMS math features
\@mathmargin=\skip43

For additional information on amsmath, use the `?' option.
(/usr/share/texlive/texmf-dist/tex/latex/amsmath/amstext.sty
Package: amstext 2000/06/29 v2.01

(/usr/share/texlive/texmf-dist/tex/latex/amsmath/amsgen.sty
File: amsgen.sty 1999/11/30 v2.0
\@emptytoks=\toks20
\ex@=\dimen112
))
(/usr/share/texlive/texmf-dist/tex/latex/amsmath/amsbsy.sty
Package: amsbsy 1999/11/29 v1.2d
\pmbraise@=\dimen113
)
(/usr/share/texlive/texmf-dist/tex/latex/amsmath/amsopn.sty
Package: amsopn 1999/12/14 v2.01 operator names
)
\inf@bad=\count98
LaTeX Info: Redefining \frac on input line 210.
\uproot@=\count99
\leftroot@=\count100
LaTeX Info: Redefining \overline on input line 306.
\classnum@=\count101
\DOTSCASE@=\count102
LaTeX Info: Redefining \ldots on input line 378.
LaTeX Info: Redefining \dots on input line 381.
LaTeX Info: Redefining \cdots on input line 466.
\Mathstrutbox@=\box28
\strutbox@=\box29
\big@size=\dimen114
LaTeX Font Info:    Redeclaring font encoding OML on input line 566.
LaTeX Font Info:    Redeclaring font encoding OMS on input line 567.
\macc@depth=\count103
\c@MaxMatrixCols=\count104
\dotsspace@=\muskip10
\c@parentequation=\count105
\dspbrk@lvl=\count106
\tag@help=\toks21
\row@=\count107
\column@=\count108
\maxfields@=\count109
\andhelp@=\toks22
\eqnshift@=\dimen115
\alignsep@=\dimen116
\tagshift@=\dimen117
\tagwidth@=\dimen118
\totwidth@=\dimen119
\lineht@=\dimen120
\@envbody=\toks23
\multlinegap=\skip44
\multlinetaggap=\skip45
\mathdisplay@stack=\toks24
LaTeX Info: Redefining \[ on input line 2665.
LaTeX Info: Redefining \] on input line 2666.
)
(/usr/share/texlive/texmf-dist/tex/latex/amscls/amsthm.sty
Package: amsthm 2004/08/06 v2.20
\thm@style=\toks25
\thm@bodyfont=\toks26
\thm@headfont=\toks27
\thm@notefont=\toks28
\thm@headpunct=\toks29
\thm@preskip=\skip46
\thm@postskip=\skip47
\thm@headsep=\skip48
\dth@everypar=\toks30
)
(/usr/share/texlive/texmf-dist/tex/latex/amsfonts/amsfonts.sty
Package: amsfonts 2013/01/14 v3.01 Basic AMSFonts support
\symAMSa=\mathgroup4
\symAMSb=\mathgroup5
LaTeX Font Info:    Overwriting math alphabet `\mathfrak' in version `bold'
(Font)                  U/euf/m/n --> U/euf/b/n on input line 106.
)
(/usr/share/texlive/texmf-dist/tex/latex/jknapltx/mathrsfs.sty
Package: mathrsfs 1996/01/01 Math RSFS package v1.0 (jk)
\symrsfs=\mathgroup6
)
(/usr/share/texlive/texmf-dist/tex/latex/amsfonts/amssymb.sty
Package: amssymb 2013/01/14 v3.01 AMS font symbols
)
(/usr/share/texlive/texmf-dist/tex/latex/base/latexsym.sty
Package: latexsym 1998/08/17 v2.2e Standard LaTeX package (lasy symbols)
\symlasy=\mathgroup7
LaTeX Font Info:    Overwriting symbol font `lasy' in version `bold'
(Font)                  U/lasy/m/n --> U/lasy/b/n on input line 47.
)
(/usr/share/texlive/texmf-dist/tex/latex/bbm-macros/bbm.sty
Package: bbm 1999/03/15 V 1.2 provides fonts for set symbols - TH
LaTeX Font Info:    Overwriting math alphabet `\mathbbm' in version `bold'
(Font)                  U/bbm/m/n --> U/bbm/bx/n on input line 33.
LaTeX Font Info:    Overwriting math alphabet `\mathbbmss' in version `bold'
(Font)                  U/bbmss/m/n --> U/bbmss/bx/n on input line 35.
)
(/usr/share/texlive/texmf-dist/tex/latex/graphics/graphicx.sty
Package: graphicx 1999/02/16 v1.0f Enhanced LaTeX Graphics (DPC,SPQR)

(/usr/share/texlive/texmf-dist/tex/latex/graphics/graphics.sty
Package: graphics 2009/02/05 v1.0o Standard LaTeX Graphics (DPC,SPQR)

(/usr/share/texlive/texmf-dist/tex/latex/graphics/trig.sty
Package: trig 1999/03/16 v1.09 sin cos tan (DPC)
)
(/usr/share/texlive/texmf-dist/tex/latex/latexconfig/graphics.cfg
File: graphics.cfg 2010/04/23 v1.9 graphics configuration of TeX Live
)
Package graphics Info: Driver file: pdftex.def on input line 91.
)
\Gin@req@height=\dimen121
\Gin@req@width=\dimen122
)
(/usr/share/texlive/texmf-dist/tex/latex/caption/caption.sty
Package: caption 2013/05/02 v3.3-89 Customizing captions (AR)

(/usr/share/texlive/texmf-dist/tex/latex/caption/caption3.sty
Package: caption3 2013/05/02 v1.6-88 caption3 kernel (AR)
Package caption3 Info: TeX engine: e-TeX on input line 57.
\captionmargin=\dimen123
\captionmargin@=\dimen124
\captionwidth=\dimen125
\caption@tempdima=\dimen126
\caption@indent=\dimen127
\caption@parindent=\dimen128
\caption@hangindent=\dimen129
)
\c@ContinuedFloat=\count110
Package caption Info: float package is loaded.
)
(/usr/share/texlive/texmf-dist/tex/latex/caption/subcaption.sty
Package: subcaption 2013/02/03 v1.1-62 Sub-captions (AR)
\c@subfigure=\count111
\c@subtable=\count112
)
(/usr/share/texlive/texmf-dist/tex/latex/fancyhdr/fancyhdr.sty
\fancy@headwidth=\skip49
\f@ncyO@elh=\skip50
\f@ncyO@erh=\skip51
\f@ncyO@olh=\skip52
\f@ncyO@orh=\skip53
\f@ncyO@elf=\skip54
\f@ncyO@erf=\skip55
\f@ncyO@olf=\skip56
\f@ncyO@orf=\skip57
)
(/usr/share/texlive/texmf-dist/tex/latex/changebar/changebar.sty
Package: changebar 2005/09/18 v3.5c Indicate changes with marginal bars
\cb@nextpoint=\count113
\cb@topleft=\count114
\cb@topright=\count115
\cb@botleft=\count116
\cb@botright=\count117
\cb@cnta=\count118
\cb@cntb=\count119
\cb@dima=\dimen130
\cb@curbarwd=\dimen131
\cb@page=\count120
\cb@pagecount=\count121
\cb@odd@left=\dimen132
\cb@odd@right=\dimen133
\cb@even@left=\dimen134
\cb@even@right=\dimen135
\cb@writexy=\write3
\cb@readxy=\read1
\openout3 = `thesis.cb2'.

\changebarwidth=\skip58
\deletebarwidth=\skip59
\changebarsep=\skip60
\c@changebargrey=\count122
\cb@write=\write4
\cb@read=\read2
\openout4 = `thesis.cb'.

)
(/usr/share/texlive/texmf-dist/tex/latex/booktabs/booktabs.sty
Package: booktabs 2005/04/14 v1.61803 publication quality tables
\heavyrulewidth=\dimen136
\lightrulewidth=\dimen137
\cmidrulewidth=\dimen138
\belowrulesep=\dimen139
\belowbottomsep=\dimen140
\aboverulesep=\dimen141
\abovetopsep=\dimen142
\cmidrulesep=\dimen143
\cmidrulekern=\dimen144
\defaultaddspace=\dimen145
\@cmidla=\count123
\@cmidlb=\count124
\@aboverulesep=\dimen146
\@belowrulesep=\dimen147
\@thisruleclass=\count125
\@lastruleclass=\count126
\@thisrulewidth=\dimen148
)
(/usr/share/texmf/tex/latex/pgf/frontendlayer/tikz.sty
(/usr/share/texmf/tex/latex/pgf/basiclayer/pgf.sty
(/usr/share/texmf/tex/latex/pgf/utilities/pgfrcs.sty
(/usr/share/texmf/tex/generic/pgf/utilities/pgfutil-common.tex
\pgfutil@everybye=\toks31
)
(/usr/share/texmf/tex/generic/pgf/utilities/pgfutil-latex.def
\pgfutil@abb=\box30

(/usr/share/texlive/texmf-dist/tex/latex/ms/everyshi.sty
Package: everyshi 2001/05/15 v3.00 EveryShipout Package (MS)
))
(/usr/share/texmf/tex/generic/pgf/utilities/pgfrcs.code.tex
Package: pgfrcs 2010/10/25 v2.10 (rcs-revision 1.24)
))
Package: pgf 2008/01/15 v2.10 (rcs-revision 1.12)

(/usr/share/texmf/tex/latex/pgf/basiclayer/pgfcore.sty
(/usr/share/texmf/tex/latex/pgf/systemlayer/pgfsys.sty
(/usr/share/texmf/tex/generic/pgf/systemlayer/pgfsys.code.tex
Package: pgfsys 2010/06/30 v2.10 (rcs-revision 1.37)

(/usr/share/texmf/tex/generic/pgf/utilities/pgfkeys.code.tex
\pgfkeys@pathtoks=\toks32
\pgfkeys@temptoks=\toks33

(/usr/share/texmf/tex/generic/pgf/utilities/pgfkeysfiltered.code.tex
\pgfkeys@tmptoks=\toks34
))
\pgf@x=\dimen149
\pgf@y=\dimen150
\pgf@xa=\dimen151
\pgf@ya=\dimen152
\pgf@xb=\dimen153
\pgf@yb=\dimen154
\pgf@xc=\dimen155
\pgf@yc=\dimen156
\w@pgf@writea=\write5
\r@pgf@reada=\read3
\c@pgf@counta=\count127
\c@pgf@countb=\count128
\c@pgf@countc=\count129
\c@pgf@countd=\count130

(/usr/share/texmf/tex/generic/pgf/systemlayer/pgf.cfg
File: pgf.cfg 2008/05/14  (rcs-revision 1.7)
)
Package pgfsys Info: Driver file for pgf: pgfsys-pdftex.def on input line 900.

(/usr/share/texmf/tex/generic/pgf/systemlayer/pgfsys-pdftex.def
File: pgfsys-pdftex.def 2009/05/22  (rcs-revision 1.26)

(/usr/share/texmf/tex/generic/pgf/systemlayer/pgfsys-common-pdf.def
File: pgfsys-common-pdf.def 2008/05/19  (rcs-revision 1.10)
)))
(/usr/share/texmf/tex/generic/pgf/systemlayer/pgfsyssoftpath.code.tex
File: pgfsyssoftpath.code.tex 2008/07/18  (rcs-revision 1.7)
\pgfsyssoftpath@smallbuffer@items=\count131
\pgfsyssoftpath@bigbuffer@items=\count132
)
(/usr/share/texmf/tex/generic/pgf/systemlayer/pgfsysprotocol.code.tex
File: pgfsysprotocol.code.tex 2006/10/16  (rcs-revision 1.4)
))
(/usr/share/texmf/tex/generic/pgf/basiclayer/pgfcore.code.tex
Package: pgfcore 2010/04/11 v2.10 (rcs-revision 1.7)

(/usr/share/texmf/tex/generic/pgf/math/pgfmath.code.tex
(/usr/share/texmf/tex/generic/pgf/math/pgfmathcalc.code.tex
(/usr/share/texmf/tex/generic/pgf/math/pgfmathutil.code.tex)
(/usr/share/texmf/tex/generic/pgf/math/pgfmathparser.code.tex
\pgfmath@dimen=\dimen157
\pgfmath@count=\count133
\pgfmath@box=\box31
\pgfmath@toks=\toks35
\pgfmath@stack@operand=\toks36
\pgfmath@stack@operation=\toks37
)
(/usr/share/texmf/tex/generic/pgf/math/pgfmathfunctions.code.tex
(/usr/share/texmf/tex/generic/pgf/math/pgfmathfunctions.basic.code.tex)
(/usr/share/texmf/tex/generic/pgf/math/pgfmathfunctions.trigonometric.code.tex)
(/usr/share/texmf/tex/generic/pgf/math/pgfmathfunctions.random.code.tex)
(/usr/share/texmf/tex/generic/pgf/math/pgfmathfunctions.comparison.code.tex)
(/usr/share/texmf/tex/generic/pgf/math/pgfmathfunctions.base.code.tex)
(/usr/share/texmf/tex/generic/pgf/math/pgfmathfunctions.round.code.tex)
(/usr/share/texmf/tex/generic/pgf/math/pgfmathfunctions.misc.code.tex)))
(/usr/share/texmf/tex/generic/pgf/math/pgfmathfloat.code.tex
\c@pgfmathroundto@lastzeros=\count134
))
(/usr/share/texmf/tex/generic/pgf/basiclayer/pgfcorepoints.code.tex
File: pgfcorepoints.code.tex 2010/04/09  (rcs-revision 1.20)
\pgf@picminx=\dimen158
\pgf@picmaxx=\dimen159
\pgf@picminy=\dimen160
\pgf@picmaxy=\dimen161
\pgf@pathminx=\dimen162
\pgf@pathmaxx=\dimen163
\pgf@pathminy=\dimen164
\pgf@pathmaxy=\dimen165
\pgf@xx=\dimen166
\pgf@xy=\dimen167
\pgf@yx=\dimen168
\pgf@yy=\dimen169
\pgf@zx=\dimen170
\pgf@zy=\dimen171
)
(/usr/share/texmf/tex/generic/pgf/basiclayer/pgfcorepathconstruct.code.tex
File: pgfcorepathconstruct.code.tex 2010/08/03  (rcs-revision 1.24)
\pgf@path@lastx=\dimen172
\pgf@path@lasty=\dimen173
)
(/usr/share/texmf/tex/generic/pgf/basiclayer/pgfcorepathusage.code.tex
File: pgfcorepathusage.code.tex 2008/04/22  (rcs-revision 1.12)
\pgf@shorten@end@additional=\dimen174
\pgf@shorten@start@additional=\dimen175
)
(/usr/share/texmf/tex/generic/pgf/basiclayer/pgfcorescopes.code.tex
File: pgfcorescopes.code.tex 2010/09/08  (rcs-revision 1.34)
\pgfpic=\box32
\pgf@hbox=\box33
\pgf@layerbox@main=\box34
\pgf@picture@serial@count=\count135
)
(/usr/share/texmf/tex/generic/pgf/basiclayer/pgfcoregraphicstate.code.tex
File: pgfcoregraphicstate.code.tex 2008/04/22  (rcs-revision 1.9)
\pgflinewidth=\dimen176
)
(/usr/share/texmf/tex/generic/pgf/basiclayer/pgfcoretransformations.code.tex
File: pgfcoretransformations.code.tex 2009/06/10  (rcs-revision 1.11)
\pgf@pt@x=\dimen177
\pgf@pt@y=\dimen178
\pgf@pt@temp=\dimen179
)
(/usr/share/texmf/tex/generic/pgf/basiclayer/pgfcorequick.code.tex
File: pgfcorequick.code.tex 2008/10/09  (rcs-revision 1.3)
)
(/usr/share/texmf/tex/generic/pgf/basiclayer/pgfcoreobjects.code.tex
File: pgfcoreobjects.code.tex 2006/10/11  (rcs-revision 1.2)
)
(/usr/share/texmf/tex/generic/pgf/basiclayer/pgfcorepathprocessing.code.tex
File: pgfcorepathprocessing.code.tex 2008/10/09  (rcs-revision 1.8)
)
(/usr/share/texmf/tex/generic/pgf/basiclayer/pgfcorearrows.code.tex
File: pgfcorearrows.code.tex 2008/04/23  (rcs-revision 1.11)
)
(/usr/share/texmf/tex/generic/pgf/basiclayer/pgfcoreshade.code.tex
File: pgfcoreshade.code.tex 2008/11/23  (rcs-revision 1.13)
\pgf@max=\dimen180
\pgf@sys@shading@range@num=\count136
)
(/usr/share/texmf/tex/generic/pgf/basiclayer/pgfcoreimage.code.tex
File: pgfcoreimage.code.tex 2010/03/25  (rcs-revision 1.16)

(/usr/share/texmf/tex/generic/pgf/basiclayer/pgfcoreexternal.code.tex
File: pgfcoreexternal.code.tex 2010/09/01  (rcs-revision 1.17)
\pgfexternal@startupbox=\box35
))
(/usr/share/texmf/tex/generic/pgf/basiclayer/pgfcorelayers.code.tex
File: pgfcorelayers.code.tex 2010/08/27  (rcs-revision 1.2)
)
(/usr/share/texmf/tex/generic/pgf/basiclayer/pgfcoretransparency.code.tex
File: pgfcoretransparency.code.tex 2008/01/17  (rcs-revision 1.2)
)
(/usr/share/texmf/tex/generic/pgf/basiclayer/pgfcorepatterns.code.tex
File: pgfcorepatterns.code.tex 2009/07/02  (rcs-revision 1.3)
)))
(/usr/share/texmf/tex/generic/pgf/modules/pgfmoduleshapes.code.tex
File: pgfmoduleshapes.code.tex 2010/09/09  (rcs-revision 1.13)
\pgfnodeparttextbox=\box36
)
(/usr/share/texmf/tex/generic/pgf/modules/pgfmoduleplot.code.tex
File: pgfmoduleplot.code.tex 2010/10/22  (rcs-revision 1.8)
)
(/usr/share/texmf/tex/latex/pgf/compatibility/pgfcomp-version-0-65.sty
Package: pgfcomp-version-0-65 2007/07/03 v2.10 (rcs-revision 1.7)
\pgf@nodesepstart=\dimen181
\pgf@nodesepend=\dimen182
)
(/usr/share/texmf/tex/latex/pgf/compatibility/pgfcomp-version-1-18.sty
Package: pgfcomp-version-1-18 2007/07/23 v2.10 (rcs-revision 1.1)
))
(/usr/share/texmf/tex/latex/pgf/utilities/pgffor.sty
(/usr/share/texmf/tex/latex/pgf/utilities/pgfkeys.sty
(/usr/share/texmf/tex/generic/pgf/utilities/pgfkeys.code.tex))
(/usr/share/texmf/tex/generic/pgf/utilities/pgffor.code.tex
Package: pgffor 2010/03/23 v2.10 (rcs-revision 1.18)
\pgffor@iter=\dimen183
\pgffor@skip=\dimen184
\pgffor@stack=\toks38
\pgffor@toks=\toks39
))
(/usr/share/texmf/tex/generic/pgf/frontendlayer/tikz/tikz.code.tex
Package: tikz 2010/10/13 v2.10 (rcs-revision 1.76)

(/usr/share/texmf/tex/generic/pgf/libraries/pgflibraryplothandlers.code.tex
File: pgflibraryplothandlers.code.tex 2010/05/31 v2.10 (rcs-revision 1.15)
\pgf@plot@mark@count=\count137
\pgfplotmarksize=\dimen185
)
\tikz@lastx=\dimen186
\tikz@lasty=\dimen187
\tikz@lastxsaved=\dimen188
\tikz@lastysaved=\dimen189
\tikzleveldistance=\dimen190
\tikzsiblingdistance=\dimen191
\tikz@figbox=\box37
\tikz@tempbox=\box38
\tikztreelevel=\count138
\tikznumberofchildren=\count139
\tikznumberofcurrentchild=\count140
\tikz@fig@count=\count141

(/usr/share/texmf/tex/generic/pgf/modules/pgfmodulematrix.code.tex
File: pgfmodulematrix.code.tex 2010/08/24  (rcs-revision 1.4)
\pgfmatrixcurrentrow=\count142
\pgfmatrixcurrentcolumn=\count143
\pgf@matrix@numberofcolumns=\count144
)
\tikz@expandcount=\count145

(/usr/share/texmf/tex/generic/pgf/frontendlayer/tikz/libraries/tikzlibrarytopat
hs.code.tex
File: tikzlibrarytopaths.code.tex 2008/06/17 v2.10 (rcs-revision 1.2)
))) (/usr/share/texlive/texmf-dist/tex/latex/enumitem/enumitem.sty
Package: enumitem 2011/09/28 v3.5.2 Customized lists
\labelindent=\skip61
\enit@outerparindent=\dimen192
\enit@toks=\toks40
\enit@inbox=\box39
\enitdp@description=\count146
)
(/usr/share/texlive/texmf-dist/tex/latex/listings/listings.sty
\lst@mode=\count147
\lst@gtempboxa=\box40
\lst@token=\toks41
\lst@length=\count148
\lst@currlwidth=\dimen193
\lst@column=\count149
\lst@pos=\count150
\lst@lostspace=\dimen194
\lst@width=\dimen195
\lst@newlines=\count151
\lst@lineno=\count152
\lst@maxwidth=\dimen196

(/usr/share/texlive/texmf-dist/tex/latex/listings/lstmisc.sty
File: lstmisc.sty 2013/08/26 1.5b (Carsten Heinz)
\c@lstnumber=\count153
\lst@skipnumbers=\count154
\lst@framebox=\box41
)
(/usr/share/texlive/texmf-dist/tex/latex/listings/listings.cfg
File: listings.cfg 2013/08/26 1.5b listings configuration
))
Package: listings 2013/08/26 1.5b (Carsten Heinz)

(/usr/share/texlive/texmf-dist/tex/latex/hyperref/hyperref.sty
Package: hyperref 2012/11/06 v6.83m Hypertext links for LaTeX

(/usr/share/texlive/texmf-dist/tex/generic/oberdiek/hobsub-hyperref.sty
Package: hobsub-hyperref 2012/05/28 v1.13 Bundle oberdiek, subset hyperref (HO)


(/usr/share/texlive/texmf-dist/tex/generic/oberdiek/hobsub-generic.sty
Package: hobsub-generic 2012/05/28 v1.13 Bundle oberdiek, subset generic (HO)
Package: hobsub 2012/05/28 v1.13 Construct package bundles (HO)
Package hobsub Info: Skipping package `infwarerr' (already loaded).
Package hobsub Info: Skipping package `ltxcmds' (already loaded).
Package: ifluatex 2010/03/01 v1.3 Provides the ifluatex switch (HO)
Package ifluatex Info: LuaTeX not detected.
Package hobsub Info: Skipping package `ifvtex' (already loaded).
Package: intcalc 2007/09/27 v1.1 Expandable calculations with integers (HO)
Package hobsub Info: Skipping package `ifpdf' (already loaded).
Package: etexcmds 2011/02/16 v1.5 Avoid name clashes with e-TeX commands (HO)
Package etexcmds Info: Could not find \expanded.
(etexcmds)             That can mean that you are not using pdfTeX 1.50 or
(etexcmds)             that some package has redefined \expanded.
(etexcmds)             In the latter case, load this package earlier.
Package: kvsetkeys 2012/04/25 v1.16 Key value parser (HO)
Package: kvdefinekeys 2011/04/07 v1.3 Define keys (HO)
Package: pdftexcmds 2011/11/29 v0.20 Utility functions of pdfTeX for LuaTeX (HO
)
Package pdftexcmds Info: LuaTeX not detected.
Package pdftexcmds Info: \pdf@primitive is available.
Package pdftexcmds Info: \pdf@ifprimitive is available.
Package pdftexcmds Info: \pdfdraftmode found.
Package: pdfescape 2011/11/25 v1.13 Implements pdfTeX's escape features (HO)
Package: bigintcalc 2012/04/08 v1.3 Expandable calculations on big integers (HO
)
Package: bitset 2011/01/30 v1.1 Handle bit-vector datatype (HO)
Package: uniquecounter 2011/01/30 v1.2 Provide unlimited unique counter (HO)
)
Package hobsub Info: Skipping package `hobsub' (already loaded).
Package: letltxmacro 2010/09/02 v1.4 Let assignment for LaTeX macros (HO)
Package: hopatch 2012/05/28 v1.2 Wrapper for package hooks (HO)
Package: xcolor-patch 2011/01/30 xcolor patch
Package: atveryend 2011/06/30 v1.8 Hooks at the very end of document (HO)
Package: atbegshi 2011/10/05 v1.16 At begin shipout hook (HO)
Package: refcount 2011/10/16 v3.4 Data extraction from label references (HO)
Package: hycolor 2011/01/30 v1.7 Color options for hyperref/bookmark (HO)
)
(/usr/share/texlive/texmf-dist/tex/latex/oberdiek/auxhook.sty
Package: auxhook 2011/03/04 v1.3 Hooks for auxiliary files (HO)
)
(/usr/share/texlive/texmf-dist/tex/latex/oberdiek/kvoptions.sty
Package: kvoptions 2011/06/30 v3.11 Key value format for package options (HO)
)
\@linkdim=\dimen197
\Hy@linkcounter=\count155
\Hy@pagecounter=\count156

(/usr/share/texlive/texmf-dist/tex/latex/hyperref/pd1enc.def
File: pd1enc.def 2012/11/06 v6.83m Hyperref: PDFDocEncoding definition (HO)
Now handling font encoding PD1 ...
... no UTF-8 mapping file for font encoding PD1
)
\Hy@SavedSpaceFactor=\count157

(/usr/share/texlive/texmf-dist/tex/latex/latexconfig/hyperref.cfg
File: hyperref.cfg 2002/06/06 v1.2 hyperref configuration of TeXLive
)
Package hyperref Info: Hyper figures OFF on input line 4443.
Package hyperref Info: Link nesting OFF on input line 4448.
Package hyperref Info: Hyper index ON on input line 4451.
Package hyperref Info: Plain pages OFF on input line 4458.
Package hyperref Info: Backreferencing OFF on input line 4463.
Package hyperref Info: Implicit mode ON; LaTeX internals redefined.
Package hyperref Info: Bookmarks ON on input line 4688.
\c@Hy@tempcnt=\count158

(/usr/share/texlive/texmf-dist/tex/latex/url/url.sty
\Urlmuskip=\muskip11
Package: url 2013/09/16  ver 3.4  Verb mode for urls, etc.
)
LaTeX Info: Redefining \url on input line 5041.
\XeTeXLinkMargin=\dimen198
\Fld@menulength=\count159
\Field@Width=\dimen199
\Fld@charsize=\dimen200
Package hyperref Info: Hyper figures OFF on input line 6295.
Package hyperref Info: Link nesting OFF on input line 6300.
Package hyperref Info: Hyper index ON on input line 6303.
Package hyperref Info: backreferencing OFF on input line 6310.
Package hyperref Info: Link coloring OFF on input line 6315.
Package hyperref Info: Link coloring with OCG OFF on input line 6320.
Package hyperref Info: PDF/A mode OFF on input line 6325.
LaTeX Info: Redefining \ref on input line 6365.
LaTeX Info: Redefining \pageref on input line 6369.
\Hy@abspage=\count160
\c@Item=\count161
\c@Hfootnote=\count162
)

Package hyperref Message: Driver (autodetected): hpdftex.

(/usr/share/texlive/texmf-dist/tex/latex/hyperref/hpdftex.def
File: hpdftex.def 2012/11/06 v6.83m Hyperref driver for pdfTeX
\Fld@listcount=\count163
\c@bookmark@seq@number=\count164

(/usr/share/texlive/texmf-dist/tex/latex/oberdiek/rerunfilecheck.sty
Package: rerunfilecheck 2011/04/15 v1.7 Rerun checks for auxiliary files (HO)
Package uniquecounter Info: New unique counter `rerunfilecheck' on input line 2
82.
)
\Hy@SectionHShift=\skip62
)
(/usr/share/texlive/texmf-dist/tex/latex/algorithms/algorithm.sty
Package: algorithm 2009/08/24 v0.1 Document Style `algorithm' - floating enviro
nment

(/usr/share/texlive/texmf-dist/tex/latex/base/ifthen.sty
Package: ifthen 2001/05/26 v1.1c Standard LaTeX ifthen package (DPC)
)
\@float@every@algorithm=\toks42
\c@algorithm=\count165
)
(/usr/share/texlive/texmf-dist/tex/latex/algorithmicx/algpseudocode.sty
Package: algpseudocode 

(/usr/share/texlive/texmf-dist/tex/latex/algorithmicx/algorithmicx.sty
Package: algorithmicx 2005/04/27 v1.2 Algorithmicx

Document Style algorithmicx 1.2 - a greatly improved `algorithmic' style
\c@ALG@line=\count166
\c@ALG@rem=\count167
\c@ALG@nested=\count168
\ALG@tlm=\skip63
\ALG@thistlm=\skip64
\c@ALG@Lnr=\count169
\c@ALG@blocknr=\count170
\c@ALG@storecount=\count171
\c@ALG@tmpcounter=\count172
\ALG@tmplength=\skip65
)
Document Style - pseudocode environments for use with the `algorithmicx' style
) (/usr/share/texlive/texmf-dist/tex/latex/todonotes/todonotes.sty
Package: todonotes 2012/07/25 .dtx Todonotes source and documentation.
Package: todonotes 2012/07/25

(/usr/share/texlive/texmf-dist/tex/latex/xkeyval/xkeyval.sty
Package: xkeyval 2012/10/14 v2.6b package option processing (HA)

(/usr/share/texlive/texmf-dist/tex/generic/xkeyval/xkeyval.tex
\XKV@toks=\toks43
\XKV@tempa@toks=\toks44
\XKV@depth=\count173
File: xkeyval.tex 2012/10/14 v2.6b key=value parser (HA)
))
(/usr/share/texmf/tex/generic/pgf/frontendlayer/tikz/libraries/tikzlibraryposit
ioning.code.tex
File: tikzlibrarypositioning.code.tex 2008/10/06 v2.10 (rcs-revision 1.7)
) (/usr/share/texlive/texmf-dist/tex/latex/tools/calc.sty
Package: calc 2007/08/22 v4.3 Infix arithmetic (KKT,FJ)
\calc@Acount=\count174
\calc@Bcount=\count175
\calc@Adimen=\dimen201
\calc@Bdimen=\dimen202
\calc@Askip=\skip66
\calc@Bskip=\skip67
LaTeX Info: Redefining \setlength on input line 76.
LaTeX Info: Redefining \addtolength on input line 77.
\calc@Ccount=\count176
\calc@Cskip=\skip68
)
\c@@todonotes@numberoftodonotes=\count177
)
(/usr/share/texlive/texmf-dist/tex/latex/tools/bm.sty
Package: bm 2004/02/26 v1.1c Bold Symbol Support (DPC/FMi)
\symboldoperators=\mathgroup8
\symboldletters=\mathgroup9
\symboldsymbols=\mathgroup10
\symboldlasy=\mathgroup11
LaTeX Font Info:    Redeclaring math alphabet \mathbf on input line 138.
LaTeX Info: Redefining \bm on input line 204.
)
(/usr/share/texlive/texmf-dist/tex/latex/wrapfig/wrapfig.sty
\wrapoverhang=\dimen203
\WF@size=\dimen204
\c@WF@wrappedlines=\count178
\WF@box=\box42
\WF@everypar=\toks45
Package: wrapfig 2003/01/31  v 3.6
)
(/usr/share/texlive/texmf-dist/tex/latex/graphics/lscape.sty
Package: lscape 2000/10/22 v3.01 Landscape Pages (DPC)
)
(/usr/share/texlive/texmf-dist/tex/latex/rotating/rotating.sty
Package: rotating 2009/03/28 v2.16a rotated objects in LaTeX
\c@r@tfl@t=\count179
\rotFPtop=\skip69
\rotFPbot=\skip70
\rot@float@box=\box43
\rot@mess@toks=\toks46
)
(/usr/share/texlive/texmf-dist/tex/latex/emptypage/emptypage.sty
Package: emptypage 2010/05/30 v1.2 Suppress page numbers and headings on empty 
pages
)
(/usr/share/texlive/texmf-dist/tex/latex/glossaries/base/glossaries.sty
Package: glossaries 2014/01/20 v4.03 (NLCT)

(/usr/share/texlive/texmf-dist/tex/latex/glossaries/base/mfirstuc.sty
Package: mfirstuc 2013/11/04 v1.08 (NLCT)
\@glsmfirst=\toks47
\@glsmrest=\toks48
)
(/usr/share/texlive/texmf-dist/tex/latex/textcase/textcase.sty
Package: textcase 2004/10/07 v0.07 Text only upper/lower case changing (DPC)
)
(/usr/share/texlive/texmf-dist/tex/latex/xfor/xfor.sty
Package: xfor 2009/02/05 v1.05 (NLCT)
)
(/usr/share/texlive/texmf-dist/tex/latex/datatool/datatool-base.sty
Package: datatool-base 2013/09/06 v2.18 (NLCT)

(/usr/share/texlive/texmf-dist/tex/latex/substr/substr.sty
Package: substr 2009/10/20 v1.2 Handle substrings
\c@su@anzahl=\count180
)
(/usr/share/texlive/texmf-dist/tex/latex/datatool/datatool-fp.sty
Package: datatool-fp 2013/08/29 v2.17 (NLCT)

(/usr/share/texlive/texmf-dist/tex/latex/fp/fp.sty
Package: fp 1995/04/02

`Fixed Point Package', Version 0.8, April 2, 1995 (C) Michael Mehlich
(/usr/share/texlive/texmf-dist/tex/latex/fp/defpattern.sty
Package: defpattern 1994/10/12
\actioncount=\count181
)
(/usr/share/texlive/texmf-dist/tex/latex/fp/fp-basic.sty
Package: fp-basic 1996/05/13
\FP@xs=\count182
\FP@xia=\count183
\FP@xib=\count184
\FP@xfa=\count185
\FP@xfb=\count186
\FP@rega=\count187
\FP@regb=\count188
\FP@regs=\count189
\FP@times=\count190
)
(/usr/share/texlive/texmf-dist/tex/latex/fp/fp-addons.sty
Package: fp-addons 1995/03/15
)
(/usr/share/texlive/texmf-dist/tex/latex/fp/fp-snap.sty
Package: fp-snap 1995/04/05
)
(/usr/share/texlive/texmf-dist/tex/latex/fp/fp-exp.sty
Package: fp-exp 1995/04/03
)
(/usr/share/texlive/texmf-dist/tex/latex/fp/fp-trigo.sty
Package: fp-trigo 1995/04/14
)
(/usr/share/texlive/texmf-dist/tex/latex/fp/fp-pas.sty
Package: fp-pas 1994/08/29
)
(/usr/share/texlive/texmf-dist/tex/latex/fp/fp-random.sty
Package: fp-random 1995/02/23
\FPseed=\count191
)
(/usr/share/texlive/texmf-dist/tex/latex/fp/fp-eqn.sty
Package: fp-eqn 1995/04/03
)
(/usr/share/texlive/texmf-dist/tex/latex/fp/fp-upn.sty
Package: fp-upn 1996/10/21
)
(/usr/share/texlive/texmf-dist/tex/latex/fp/fp-eval.sty
Package: fp-eval 1995/04/03
)))
\@dtl@toks=\toks49
\@dtl@tmpcount=\count192
\dtl@tmplength=\skip71
\dtl@sortresult=\count193
\@dtl@numgrpsepcount=\count194
\@dtl@datatype=\count195
\dtl@codeA=\count196
\dtl@codeB=\count197
\@dtl@foreach@level=\count198
)
(/usr/share/texlive/texmf-dist/tex/latex/glossaries/base/glossaries-compatible-
307.sty
Package: glossaries-compatible-307 2013/11/14 v4.0 (NLCT)
) (/usr/share/texmf/tex/latex/beamer/base/translator/translator.sty
Package: translator 2010/06/12 ver 1.10

(/usr/share/texmf/tex/latex/beamer/base/translator/translator-language-mappings
.tex))
\gls@level=\count199
\@gls@tmpb=\toks50
\gls@tmplen=\skip72
\glswrite=\write6
\glskeylisttok=\toks51
\glslabeltok=\toks52
\glsshorttok=\toks53
\glslongtok=\toks54

(/usr/share/texlive/texmf-dist/tex/latex/glossaries/styles/glossary-hypernav.st
y
Package: glossary-hypernav 2013/11/14 v4.0 (NLCT)
) (/usr/share/texlive/texmf-dist/tex/latex/glossaries/styles/glossary-list.sty
Package: glossary-list 2013/11/14 v4.0 (NLCT)
\glslistdottedwidth=\skip73
) (/usr/share/texlive/texmf-dist/tex/latex/glossaries/styles/glossary-long.sty
Package: glossary-long 2013/11/14 v4.0 (NLCT)

(/usr/share/texlive/texmf-dist/tex/latex/tools/longtable.sty
Package: longtable 2004/02/01 v4.11 Multi-page Table package (DPC)
\LTleft=\skip74
\LTright=\skip75
\LTpre=\skip76
\LTpost=\skip77
\LTchunksize=\count200
\LTcapwidth=\dimen205
\LT@head=\box44
\LT@firsthead=\box45
\LT@foot=\box46
\LT@lastfoot=\box47
\LT@cols=\count201
\LT@rows=\count202
\c@LT@tables=\count203
\c@LT@chunks=\count204
\LT@p@ftn=\toks55
)
\glsdescwidth=\skip78
\glspagelistwidth=\skip79
)
(/usr/share/texlive/texmf-dist/tex/latex/glossaries/styles/glossary-super.sty
Package: glossary-super 2013/11/14 v4.0 (NLCT)

(/usr/share/texlive/texmf-dist/tex/latex/supertabular/supertabular.sty
Package: supertabular 2004/02/20 v4.1e the supertabular environment
\c@tracingst=\count205
\ST@wd=\dimen206
\ST@rightskip=\skip80
\ST@leftskip=\skip81
\ST@parfillskip=\skip82
\ST@pageleft=\dimen207
\ST@headht=\dimen208
\ST@tailht=\dimen209
\ST@pagesofar=\dimen210
\ST@pboxht=\dimen211
\ST@lineht=\dimen212
\ST@stretchht=\dimen213
\ST@prevht=\dimen214
\ST@toadd=\dimen215
\ST@dimen=\dimen216
\ST@pbox=\box48
))
(/usr/share/texlive/texmf-dist/tex/latex/glossaries/styles/glossary-tree.sty
Package: glossary-tree 2013/11/14 v4.0 (NLCT)
\glstreeindent=\skip83
))
(/usr/share/texlive/texmf-dist/tex/latex/appendix/appendix.sty
Package: appendix 2009/09/02 v1.2b extra appendix facilities
\c@@pps=\count206
\c@@ppsavesec=\count207
\c@@ppsaveapp=\count208
)
(/usr/share/texlive/texmf-dist/tex/latex/tocbibind/tocbibind.sty
Package: tocbibind 2010/10/13 v1.5k extra ToC listings
Package tocbibind Info: The document has chapter divisions on input line 50.


Package tocbibind Note: Using chapter style headings, unless overridden.

)
\c@theorem=\count209
\c@lemmma=\count210
\c@proposition=\count211
\c@corollary=\count212
\c@definition=\count213
\c@example=\count214
\c@remark=\count215
\c@note=\count216

(/usr/share/texmf/tex/generic/pgf/frontendlayer/tikz/libraries/tikzlibrarycalc.
code.tex
File: tikzlibrarycalc.code.tex 2009/09/04 v2.10 (rcs-revision 1.6)
)
(/usr/share/texmf/tex/generic/pgf/frontendlayer/tikz/libraries/tikzlibraryinter
sections.code.tex
(/usr/share/texmf/tex/generic/pgf/libraries/pgflibraryintersections.code.tex
\pgf@intersect@solutions=\count217
))
(/usr/share/texmf/tex/generic/pgf/frontendlayer/tikz/libraries/tikzlibrarythrou
gh.code.tex
File: tikzlibrarythrough.code.tex 2008/02/03 v2.10 (rcs-revision 1.1)
)
(/usr/share/texmf/tex/generic/pgf/frontendlayer/tikz/libraries/tikzlibrarybackg
rounds.code.tex
File: tikzlibrarybackgrounds.code.tex 2010/02/08 v2.10 (rcs-revision 1.2)
\pgf@layerbox@background=\box49
\pgf@layerboxsaved@background=\box50
)
Package hyperref Info: Option `colorlinks' set `true' on input line 132.
 (./Glossary/Glossary.tex)
\glo@acronym@filetok=\toks56
) (./thesis.aux
(./Abstract/abstract.aux) (./Acknowledgements/acknowledgements.aux)

LaTeX Warning: Label `fig:pybrain' multiply defined.

)
\openout1 = `thesis.aux'.

LaTeX Font Info:    Checking defaults for OML/cmm/m/it on input line 5.
LaTeX Font Info:    ... okay on input line 5.
LaTeX Font Info:    Checking defaults for T1/cmr/m/n on input line 5.
LaTeX Font Info:    ... okay on input line 5.
LaTeX Font Info:    Checking defaults for OT1/cmr/m/n on input line 5.
LaTeX Font Info:    ... okay on input line 5.
LaTeX Font Info:    Checking defaults for OMS/cmsy/m/n on input line 5.
LaTeX Font Info:    ... okay on input line 5.
LaTeX Font Info:    Checking defaults for OMX/cmex/m/n on input line 5.
LaTeX Font Info:    ... okay on input line 5.
LaTeX Font Info:    Checking defaults for U/cmr/m/n on input line 5.
LaTeX Font Info:    ... okay on input line 5.
LaTeX Font Info:    Checking defaults for PD1/pdf/m/n on input line 5.
LaTeX Font Info:    ... okay on input line 5.
 (/usr/share/texlive/texmf-dist/tex/context/base/supp-pdf.mkii
[Loading MPS to PDF converter (version 2006.09.02).]
\scratchcounter=\count218
\scratchdimen=\dimen217
\scratchbox=\box51
\nofMPsegments=\count219
\nofMParguments=\count220
\everyMPshowfont=\toks57
\MPscratchCnt=\count221
\MPscratchDim=\dimen218
\MPnumerator=\count222
\makeMPintoPDFobject=\count223
\everyMPtoPDFconversion=\toks58
)
LaTeX Info: Redefining \it@ocap on input line 5.
LaTeX Info: Redefining \it@ccap on input line 5.


File italian.ldf warning: 
italian.ldf    With OT1 encoding guillemets are poorly faked
italian.ldf    Use T1 encoding
italian.ldf    or specify a font with command \CaporaliFrom
italian.ldf    See the documentation concerning the babel-italian typesetting 
italian.ldf    on input line 5.

*geometry* driver: auto-detecting
*geometry* detected driver: pdftex
*geometry* verbose mode - [ preamble ] result:
* driver: pdftex
* paper: a4paper
* layout: <same size as paper>
* layoutoffset:(h,v)=(0.0pt,0.0pt)
* modes: twoside 
* h-part:(L,W,R)=(105.27519pt, 406.87442pt, 85.35826pt)
* v-part:(T,H,B)=(99.58464pt, 660.10394pt, 85.35826pt)
* \paperwidth=597.50787pt
* \paperheight=845.04684pt
* \textwidth=406.87442pt
* \textheight=660.10394pt
* \oddsidemargin=33.0052pt
* \evensidemargin=13.08827pt
* \topmargin=-4.55914pt
* \headheight=15.0pt
* \headsep=19.8738pt
* \topskip=12.0pt
* \footskip=30.0pt
* \marginparwidth=88.0pt
* \marginparsep=7.0pt
* \columnsep=10.0pt
* \skip\footins=10.8pt plus 4.0pt minus 2.0pt
* \hoffset=0.0pt
* \voffset=0.0pt
* \mag=1000
* \@twocolumnfalse
* \@twosidetrue
* \@mparswitchtrue
* \@reversemarginfalse
* (1in=72.27pt=25.4mm, 1cm=28.453pt)

(/usr/share/texlive/texmf-dist/tex/latex/oberdiek/epstopdf-base.sty
Package: epstopdf-base 2010/02/09 v2.5 Base part for package epstopdf

(/usr/share/texlive/texmf-dist/tex/latex/oberdiek/grfext.sty
Package: grfext 2010/08/19 v1.1 Manage graphics extensions (HO)
)
Package grfext Info: Graphics extension search list:
(grfext)             [.png,.pdf,.jpg,.mps,.jpeg,.jbig2,.jb2,.PNG,.PDF,.JPG,.JPE
G,.JBIG2,.JB2,.eps]
(grfext)             \AppendGraphicsExtensions on input line 452.

(/usr/share/texlive/texmf-dist/tex/latex/latexconfig/epstopdf-sys.cfg
File: epstopdf-sys.cfg 2010/07/13 v1.3 Configuration of (r)epstopdf for TeX Liv
e
))
Package caption Info: Begin \AtBeginDocument code.
Package caption Info: hyperref package is loaded.
Package caption Info: listings package is loaded.
Package caption Info: longtable package is loaded.

(/usr/share/texlive/texmf-dist/tex/latex/caption/ltcaption.sty
Package: ltcaption 2013/02/03 v1.3-62 longtable captions (AR)
)
Package caption Info: rotating package is loaded.
Package caption Info: supertabular package is loaded.
Package caption Info: wrapfig package is loaded.
Package caption Info: End \AtBeginDocument code.

ABD: EveryShipout initializing macros
\c@lstlisting=\count224
\AtBeginShipoutBox=\box52
Package hyperref Info: Link coloring ON on input line 5.

(/usr/share/texlive/texmf-dist/tex/latex/hyperref/nameref.sty
Package: nameref 2012/10/27 v2.43 Cross-referencing by name of section

(/usr/share/texlive/texmf-dist/tex/generic/oberdiek/gettitlestring.sty
Package: gettitlestring 2010/12/03 v1.4 Cleanup title references (HO)
)
\c@section@level=\count225
)
LaTeX Info: Redefining \ref on input line 5.
LaTeX Info: Redefining \pageref on input line 5.
LaTeX Info: Redefining \nameref on input line 5.

(./thesis.out) (./thesis.out)
\@outlinefile=\write7
\openout7 = `thesis.out'.


(/usr/share/texlive/texmf-dist/tex/latex/glossaries/dict/glossaries-dictionary-
English.dict
Dictionary: glossaries-dictionary, Language: English 
) (./Cover/cover.tex
Package epstopdf Info: Source file: <Cover/polimi.eps>
(epstopdf)                    date: 2016-11-30 23:12:50
(epstopdf)                    size: 618976 bytes
(epstopdf)             Output file: <Cover/polimi-eps-converted-to.pdf>
(epstopdf)                    date: 2016-11-30 23:13:14
(epstopdf)                    size: 57386 bytes
(epstopdf)             Command: <repstopdf --outfile=Cover/polimi-eps-converted
-to.pdf Cover/polimi.eps>
(epstopdf)             \includegraphics on input line 13.
Package epstopdf Info: Output file is already uptodate.

<Cover/polimi-eps-converted-to.pdf, id=380, 98.3675pt x 89.33376pt>
File: Cover/polimi-eps-converted-to.pdf Graphic file (type pdf)

<use Cover/polimi-eps-converted-to.pdf>
Package pdftex.def Info: Cover/polimi-eps-converted-to.pdf used on input line 1
3.
(pdftex.def)             Requested size: 113.81102pt x 103.35867pt.
LaTeX Font Info:    Try loading font information for U+msa on input line 26.

(/usr/share/texlive/texmf-dist/tex/latex/amsfonts/umsa.fd
File: umsa.fd 2013/01/14 v3.01 AMS symbols A
)
LaTeX Font Info:    Try loading font information for U+msb on input line 26.

(/usr/share/texlive/texmf-dist/tex/latex/amsfonts/umsb.fd
File: umsb.fd 2013/01/14 v3.01 AMS symbols B
)
LaTeX Font Info:    Try loading font information for U+rsfs on input line 26.

(/usr/share/texlive/texmf-dist/tex/latex/jknapltx/ursfs.fd
File: ursfs.fd 1998/03/24 rsfs font definition file (jk)
)
LaTeX Font Info:    Try loading font information for U+lasy on input line 26.

(/usr/share/texlive/texmf-dist/tex/latex/base/ulasy.fd
File: ulasy.fd 1998/08/17 v2.2e LaTeX symbol font definitions
)
LaTeX Font Info:    Font shape `U/lasy/b/n' in size <7> not available
(Font)              Font shape `U/lasy/m/n' tried instead on input line 26.
 [1

\openout6 = `thesis.ist'.


{/var/lib/texmf/fonts/map/pdftex/updmap/pdftex.map} <./Cover/polimi-eps-convert
ed-to.pdf>]) [2

]
\openout2 = `Abstract/abstract.aux'.


(./Abstract/abstract.tex
Underfull \hbox (badness 10000) in paragraph at lines 2--4

 []

[1


] [2

]
Underfull \hbox (badness 10000) in paragraph at lines 11--13

 []

pdfTeX warning (ext4): destination with the same identifier (name{page.i}) has 
been already used, duplicate ignored
<to be read again> 
                   \relax 
l.16 \end{abstract}
                    [1])
\openout2 = `Acknowledgements/acknowledgements.aux'.

 (./Acknowledgements/acknowledgements.texpdfTeX warning (ext4): destination wit
h the same identifier (name{page.ii}) has been already used, duplicate ignored
<to be read again> 
                   \relax 
l.3 \begin{abstract}
                     [2



]pdfTeX warning (ext4): destination with the same identifier (name{page.i}) has
 been already used, duplicate ignored
<to be read again> 
                   \relax 
l.17 \end{abstract}
                    [1])pdfTeX warning (ext4): destination with the same identi
fier (name{page.ii}) has been already used, duplicate ignored
<to be read again> 
                   \relax 
l.33 \tableofcontents
                     {} % Write out the Table of Contents [2
\select@language{english}
\@writefile{toc}{\select@language{english}}
\@writefile{lof}{\select@language{english}}
\@writefile{lot}{\select@language{english}}


] (./thesis.toc
LaTeX Font Info:    Font shape `U/lasy/b/n' in size <8> not available
(Font)              Font shape `U/lasy/m/n' tried instead on input line 10.
LaTeX Font Info:    Font shape `U/lasy/b/n' in size <6> not available
(Font)              Font shape `U/lasy/m/n' tried instead on input line 10.
 [3] [4])
\tf@toc=\write8
\openout8 = `thesis.toc'.

 [5] [6

] (./thesis.lof)
\tf@lof=\write9
\openout9 = `thesis.lof'.

 [7] [8

] (./thesis.lot)
\tf@lot=\write10
\openout10 = `thesis.lot'.

 [9]
[10

] (./thesis.loa)
\tf@loa=\write11
\openout11 = `thesis.loa'.

 (./thesis.acr [11] [12

]) [13

] [14

]
(./Chapters/1_Introduction.tex
Chapter 1.
pdfTeX warning (ext4): destination with the same identifier (name{page.1}) has 
been already used, duplicate ignored
<to be read again> 
                   \relax 
l.9 
     [1

]pdfTeX warning (ext4): destination with the same identifier (name{page.2}) has
 been already used, duplicate ignored
<to be read again> 
                   \relax 
l.13 
      [2] [3]) (./Chapters/2_Discrete_Time_Stochastic_Optimal_Control.tex
[4]
Chapter 2.
[5

] [6] [7] [8]
Overfull \hbox (1.82524pt too wide) in paragraph at lines 229--231
[][]\OT1/cmr/bx/n/12 Definition 2.3.4 \OT1/cmr/m/n/12 (Op-ti-mal State--Value F
unc-tion)\OT1/cmr/bx/n/12 . []\OT1/cmr/m/it/12 The op-ti-mal state-value func-
 []

[9] [10] [11]
Overfull \hbox (3.47113pt too wide) in paragraph at lines 369--370
[][]\OT1/cmr/bx/n/12 Definition 2.4.2 \OT1/cmr/m/n/12 (Square Ac-tion--Value Fu
nc-tion)\OT1/cmr/bx/n/12 . []\OT1/cmr/m/it/12 The square action-value func-
 []


Overfull \hbox (7.08743pt too wide) in paragraph at lines 380--381
[][]\OT1/cmr/bx/n/12 Definition 2.4.3 \OT1/cmr/m/n/12 (Square Re-ward Func-tion
)\OT1/cmr/bx/n/12 . []\OT1/cmr/m/it/12 The square re-ward func-tion $\OMS/cmsy/
m/n/12 M\OT1/cmr/m/n/12 (\OML/cmm/m/it/12 s; a\OT1/cmr/m/n/12 )$
 []

[12]
Overfull \hbox (4.43242pt too wide) in paragraph at lines 396--397
[]\OT1/cmr/m/n/12 Again, it comes in handy to also in-tro-duce the reward-retur
n action-covariance
 []

[13]
Overfull \hbox (4.52098pt too wide) in paragraph at lines 461--461
[] 
 []

[14] [15] [16]
<Images/2_0_policy_iteration.png, id=910, 474.77374pt x 655.44875pt>
File: Images/2_0_policy_iteration.png Graphic file (type png)

<use Images/2_0_policy_iteration.png>
Package pdftex.def Info: Images/2_0_policy_iteration.png used on input line 579
.
(pdftex.def)             Requested size: 122.06355pt x 168.51239pt.
 [17 <./Images/2_0_policy_iteration.png>]) (./Chapters/3_Reinforcement_Learning
.tex [18]
Chapter 3.
[19

] [20] [21]) (./Chapters/4_Policy_Gradient.tex [22]
Chapter 4.
(./Chapters/4_1_Basics_Policy_Gradient.tex
Overfull \hbox (16.90034pt too wide) in paragraph at lines 6--11
\OT1/cmr/m/n/12 In pol-icy gra-di-ent meth-ods, the op-ti-mal pol-icy is ap-pro
x-i-mated us-ing a parametrized
 []

[23

]
Package hyperref Info: bookmark level for unknown algorithm defaults to 0 on in
put line 29.
 [24]) (./Chapters/4_2_Likelihood_Ratio_Methods.tex [25] [26] [27] [28]
[29]
LaTeX Font Info:    Try loading font information for U+bbm on input line 180.
 (/usr/share/texlive/texmf-dist/tex/latex/bbm-macros/ubbm.fd
File: ubbm.fd 1999/03/15 V 1.2 Font definition for bbm font - TH
)
Overfull \hbox (6.17905pt too wide) in paragraph at lines 196--198
\OT1/cmr/m/n/12 By re-mark-ing that $\OML/cmm/m/it/12 h$ \OT1/cmr/m/n/12 is con
-di-tion-ally in-de-pen-dent from $\OML/cmm/m/it/12 ^^X$ \OT1/cmr/m/n/12 given 
$\OML/cmm/m/it/12 ^^R$\OT1/cmr/m/n/12 , so that $\OML/cmm/m/it/12 p[]\OT1/cmr/m
/n/12 (\OML/cmm/m/it/12 ^^R; h\OT1/cmr/m/n/12 ) =
 []

[30]
Overfull \hbox (2.9875pt too wide) in paragraph at lines 233--236
\OMS/cmsy/m/n/12 N\OT1/cmr/m/n/12 (\OML/cmm/m/it/12 ^^V[]; ^^[[]\OT1/cmr/m/n/12
 )$, the gra-di-ent with re-spect to the hyper-parameters $\OML/cmm/m/it/12 ^^X
 \OT1/cmr/m/n/12 = (\OML/cmm/m/it/12 ^^V[]; [] ; ^^V[]; ^^[[];$
 []

[31] [32]) (./Chapters/4_3_Risk_Neutral_Policy_Gradient.tex [33] [34] [35]
LaTeX Font Info:    Try loading font information for OMS+cmr on input line 132.


(/usr/share/texlive/texmf-dist/tex/latex/base/omscmr.fd
File: omscmr.fd 1999/05/25 v2.5h Standard LaTeX font definitions
)
LaTeX Font Info:    Font shape `OMS/cmr/m/n' in size <12> not available
(Font)              Font shape `OMS/cmsy/m/n' tried instead on input line 132.
 [36] [37] [38]
[39] <Images/4_0_euclidean_vs_natural.png, id=1159, 2434.09375pt x 768.8725pt>
File: Images/4_0_euclidean_vs_natural.png Graphic file (type png)

<use Images/4_0_euclidean_vs_natural.png>
Package pdftex.def Info: Images/4_0_euclidean_vs_natural.png used on input line
 255.
(pdftex.def)             Requested size: 406.87442pt x 128.5127pt.
 [40 <./Images/4_0_euclidean_vs_natural.png>])) (./Chapters/5_Risk_Sensitive_Po
licy_Gradient.tex [41] [42

]
Chapter 5.
[43] [44] [45]
Underfull \vbox (badness 10000) has occurred while \output is active []

 [46]
[47] [48] [49]
Underfull \vbox (badness 6893) has occurred while \output is active []

 [50])
(./Chapters/6_Parameter_Based_Policy_Gradient.tex [51] [52

]
Chapter 6.
[53] [54] [55] [56] [57] [58] [59]) (./Chapters/7_Asset_Allocation.tex [60

]
[61] [62

]
Chapter 7.
[63] [64]
LaTeX Font Info:    Font shape `U/lasy/b/n' in size <5> not available
(Font)              Font shape `U/lasy/m/n' tried instead on input line 37.

Underfull \hbox (badness 10000) in paragraph at lines 41--43

 []

[65] [66] [67] [68] [69] [70] [71] [72] [73]
Overfull \hbox (7.92717pt too wide) in paragraph at lines 216--221
\OT1/cmr/m/n/12 The agent, or trad-ing sys-tem, only spec-i-fies the port-fo-li
o weights $\OML/cmm/m/it/12 a[] \OT1/cmr/m/n/12 = (\OML/cmm/m/it/12 a[]; [] ; a
[]\OT1/cmr/m/n/12 )[]$
 []

) (./Chapters/8_Numerical_Results.tex [74] [75] [76

]
Chapter 8.
[77]
Package epstopdf Info: Source file: <Images/6_0_single_synthetic_neutral_conver
gence.eps>
(epstopdf)                    date: 2016-11-19 19:25:58
(epstopdf)                    size: 83275 bytes
(epstopdf)             Output file: <Images/6_0_single_synthetic_neutral_conver
gence-eps-converted-to.pdf>
(epstopdf)                    date: 2016-11-19 19:30:30
(epstopdf)                    size: 33019 bytes
(epstopdf)             Command: <repstopdf --outfile=Images/6_0_single_syntheti
c_neutral_convergence-eps-converted-to.pdf Images/6_0_single_synthetic_neutral_
convergence.eps>
(epstopdf)             \includegraphics on input line 52.
Package epstopdf Info: Output file is already uptodate.

<Images/6_0_single_synthetic_neutral_convergence-eps-converted-to.pdf, id=1556,
 1445.4pt x 722.7pt>
File: Images/6_0_single_synthetic_neutral_convergence-eps-converted-to.pdf Grap
hic file (type pdf)

<use Images/6_0_single_synthetic_neutral_convergence-eps-converted-to.pdf>
Package pdftex.def Info: Images/6_0_single_synthetic_neutral_convergence-eps-co
nverted-to.pdf used on input line 52.
(pdftex.def)             Requested size: 406.87064pt x 170.71672pt.

[78]
Package epstopdf Info: Source file: <Images/6_1_single_synthetic_neutral_perfor
mance.eps>
(epstopdf)                    date: 2016-11-19 19:26:03
(epstopdf)                    size: 369257 bytes
(epstopdf)             Output file: <Images/6_1_single_synthetic_neutral_perfor
mance-eps-converted-to.pdf>
(epstopdf)                    date: 2016-11-19 19:30:31
(epstopdf)                    size: 112330 bytes
(epstopdf)             Command: <repstopdf --outfile=Images/6_1_single_syntheti
c_neutral_performance-eps-converted-to.pdf Images/6_1_single_synthetic_neutral_
performance.eps>
(epstopdf)             \includegraphics on input line 62.
Package epstopdf Info: Output file is already uptodate.

<Images/6_1_single_synthetic_neutral_performance-eps-converted-to.pdf, id=1571,
 1445.4pt x 722.7pt>
File: Images/6_1_single_synthetic_neutral_performance-eps-converted-to.pdf Grap
hic file (type pdf)

<use Images/6_1_single_synthetic_neutral_performance-eps-converted-to.pdf>
Package pdftex.def Info: Images/6_1_single_synthetic_neutral_performance-eps-co
nverted-to.pdf used on input line 62.
(pdftex.def)             Requested size: 406.87442pt x 203.4353pt.

[79 <./Images/6_0_single_synthetic_neutral_convergence-eps-converted-to.pdf>]
Package epstopdf Info: Source file: <Images/6_2_impact_transaction_costs.eps>
(epstopdf)                    date: 2016-11-20 13:02:04
(epstopdf)                    size: 57862 bytes
(epstopdf)             Output file: <Images/6_2_impact_transaction_costs-eps-co
nverted-to.pdf>
(epstopdf)                    date: 2016-11-20 13:05:49
(epstopdf)                    size: 25474 bytes
(epstopdf)             Command: <repstopdf --outfile=Images/6_2_impact_transact
ion_costs-eps-converted-to.pdf Images/6_2_impact_transaction_costs.eps>
(epstopdf)             \includegraphics on input line 96.
Package epstopdf Info: Output file is already uptodate.

<Images/6_2_impact_transaction_costs-eps-converted-to.pdf, id=1641, 1445.4pt x 
722.7pt>
File: Images/6_2_impact_transaction_costs-eps-converted-to.pdf Graphic file (ty
pe pdf)
 <use Images/6_2_impact_transaction_costs-eps-converted-to.pdf>
Package pdftex.def Info: Images/6_2_impact_transaction_costs-eps-converted-to.p
df used on input line 96.
(pdftex.def)             Requested size: 406.87064pt x 170.71672pt.
Package epstopdf Info: Source file: <Images/6_3_impact_short_selling_fees.eps>
(epstopdf)                    date: 2016-11-19 22:06:01
(epstopdf)                    size: 54194 bytes
(epstopdf)             Output file: <Images/6_3_impact_short_selling_fees-eps-c
onverted-to.pdf>
(epstopdf)                    date: 2016-11-19 22:10:47
(epstopdf)                    size: 25124 bytes
(epstopdf)             Command: <repstopdf --outfile=Images/6_3_impact_short_se
lling_fees-eps-converted-to.pdf Images/6_3_impact_short_selling_fees.eps>
(epstopdf)             \includegraphics on input line 103.
Package epstopdf Info: Output file is already uptodate.

<Images/6_3_impact_short_selling_fees-eps-converted-to.pdf, id=1646, 1445.4pt x
 722.7pt>
File: Images/6_3_impact_short_selling_fees-eps-converted-to.pdf Graphic file (t
ype pdf)
 <use Images/6_3_impact_short_selling_fees-eps-converted-to.pdf>
Package pdftex.def Info: Images/6_3_impact_short_selling_fees-eps-converted-to.
pdf used on input line 103.
(pdftex.def)             Requested size: 406.87064pt x 170.71672pt.

[80 <./Images/6_1_single_synthetic_neutral_performance-eps-converted-to.pdf>]
Underfull \vbox (badness 10000) has occurred while \output is active []

 [81]
[82 <./Images/6_2_impact_transaction_costs-eps-converted-to.pdf> <./Images/6_3_
impact_short_selling_fees-eps-converted-to.pdf>]
Package epstopdf Info: Source file: <Images/8_4_single_synthetic_sensitive_conv
ergence.eps>
(epstopdf)                    date: 2016-11-20 15:08:07
(epstopdf)                    size: 73664 bytes
(epstopdf)             Output file: <Images/8_4_single_synthetic_sensitive_conv
ergence-eps-converted-to.pdf>
(epstopdf)                    date: 2016-11-20 15:10:10
(epstopdf)                    size: 30730 bytes
(epstopdf)             Command: <repstopdf --outfile=Images/8_4_single_syntheti
c_sensitive_convergence-eps-converted-to.pdf Images/8_4_single_synthetic_sensit
ive_convergence.eps>
(epstopdf)             \includegraphics on input line 113.
Package epstopdf Info: Output file is already uptodate.

<Images/8_4_single_synthetic_sensitive_convergence-eps-converted-to.pdf, id=181
4, 1445.4pt x 722.7pt>
File: Images/8_4_single_synthetic_sensitive_convergence-eps-converted-to.pdf Gr
aphic file (type pdf)

<use Images/8_4_single_synthetic_sensitive_convergence-eps-converted-to.pdf>
Package pdftex.def Info: Images/8_4_single_synthetic_sensitive_convergence-eps-
converted-to.pdf used on input line 113.
(pdftex.def)             Requested size: 406.87064pt x 170.71672pt.
Package epstopdf Info: Source file: <Images/8_5_single_synthetic_sensitive_perf
ormance.eps>
(epstopdf)                    date: 2016-11-20 15:08:10
(epstopdf)                    size: 265968 bytes
(epstopdf)             Output file: <Images/8_5_single_synthetic_sensitive_perf
ormance-eps-converted-to.pdf>
(epstopdf)                    date: 2016-11-20 15:10:11
(epstopdf)                    size: 85441 bytes
(epstopdf)             Command: <repstopdf --outfile=Images/8_5_single_syntheti
c_sensitive_performance-eps-converted-to.pdf Images/8_5_single_synthetic_sensit
ive_performance.eps>
(epstopdf)             \includegraphics on input line 120.
Package epstopdf Info: Output file is already uptodate.

<Images/8_5_single_synthetic_sensitive_performance-eps-converted-to.pdf, id=181
5, 1445.4pt x 722.7pt>
File: Images/8_5_single_synthetic_sensitive_performance-eps-converted-to.pdf Gr
aphic file (type pdf)

<use Images/8_5_single_synthetic_sensitive_performance-eps-converted-to.pdf>
Package pdftex.def Info: Images/8_5_single_synthetic_sensitive_performance-eps-
converted-to.pdf used on input line 120.
(pdftex.def)             Requested size: 406.87442pt x 203.4353pt.


LaTeX Warning: `!h' float specifier changed to `!ht'.

[83 <./Images/8_4_single_synthetic_sensitive_convergence-eps-converted-to.pdf>]
[84 <./Images/8_5_single_synthetic_sensitive_performance-eps-converted-to.pdf>]

Overfull \hbox (7.31577pt too wide) in paragraph at lines 173--175
\OT1/cmr/m/n/12 Once again we an-a-lyze the sen-si-tiv-ity of the trad-ing stra
te-gies learned by [][]RSPGPE[][]
 []

Package epstopdf Info: Source file: <Images/8_6_impact_transaction_costs_RS.eps
>
(epstopdf)                    date: 2016-11-20 17:50:19
(epstopdf)                    size: 56581 bytes
(epstopdf)             Output file: <Images/8_6_impact_transaction_costs_RS-eps
-converted-to.pdf>
(epstopdf)                    date: 2016-11-20 17:52:54
(epstopdf)                    size: 24787 bytes
(epstopdf)             Command: <repstopdf --outfile=Images/8_6_impact_transact
ion_costs_RS-eps-converted-to.pdf Images/8_6_impact_transaction_costs_RS.eps>
(epstopdf)             \includegraphics on input line 178.
Package epstopdf Info: Output file is already uptodate.

<Images/8_6_impact_transaction_costs_RS-eps-converted-to.pdf, id=1933, 1445.4pt
 x 722.7pt>
File: Images/8_6_impact_transaction_costs_RS-eps-converted-to.pdf Graphic file 
(type pdf)
 <use Images/8_6_impact_transaction_costs_RS-eps-converted-to.pdf>
Package pdftex.def Info: Images/8_6_impact_transaction_costs_RS-eps-converted-t
o.pdf used on input line 178.
(pdftex.def)             Requested size: 406.87064pt x 170.71672pt.
Package epstopdf Info: Source file: <Images/8_7_impact_short_selling_fees_RS.ep
s>
(epstopdf)                    date: 2016-11-20 17:50:19
(epstopdf)                    size: 54879 bytes
(epstopdf)             Output file: <Images/8_7_impact_short_selling_fees_RS-ep
s-converted-to.pdf>
(epstopdf)                    date: 2016-11-20 17:52:54
(epstopdf)                    size: 25263 bytes
(epstopdf)             Command: <repstopdf --outfile=Images/8_7_impact_short_se
lling_fees_RS-eps-converted-to.pdf Images/8_7_impact_short_selling_fees_RS.eps>

(epstopdf)             \includegraphics on input line 185.
Package epstopdf Info: Output file is already uptodate.

<Images/8_7_impact_short_selling_fees_RS-eps-converted-to.pdf, id=1934, 1445.4p
t x 722.7pt>
File: Images/8_7_impact_short_selling_fees_RS-eps-converted-to.pdf Graphic file
 (type pdf)

<use Images/8_7_impact_short_selling_fees_RS-eps-converted-to.pdf>
Package pdftex.def Info: Images/8_7_impact_short_selling_fees_RS-eps-converted-
to.pdf used on input line 185.
(pdftex.def)             Requested size: 406.87064pt x 170.71672pt.
 [85

]
[86 <./Images/8_6_impact_transaction_costs_RS-eps-converted-to.pdf> <./Images/8
_7_impact_short_selling_fees_RS-eps-converted-to.pdf>]
Package epstopdf Info: Source file: <Images/8_8_single_hist_neutral_convergence
.eps>
(epstopdf)                    date: 2016-11-20 14:21:24
(epstopdf)                    size: 88073 bytes
(epstopdf)             Output file: <Images/8_8_single_hist_neutral_convergence
-eps-converted-to.pdf>
(epstopdf)                    date: 2016-11-20 14:39:43
(epstopdf)                    size: 33837 bytes
(epstopdf)             Command: <repstopdf --outfile=Images/8_8_single_hist_neu
tral_convergence-eps-converted-to.pdf Images/8_8_single_hist_neutral_convergenc
e.eps>
(epstopdf)             \includegraphics on input line 200.
Package epstopdf Info: Output file is already uptodate.

<Images/8_8_single_hist_neutral_convergence-eps-converted-to.pdf, id=2055, 1445
.4pt x 722.7pt>
File: Images/8_8_single_hist_neutral_convergence-eps-converted-to.pdf Graphic f
ile (type pdf)

<use Images/8_8_single_hist_neutral_convergence-eps-converted-to.pdf>
Package pdftex.def Info: Images/8_8_single_hist_neutral_convergence-eps-convert
ed-to.pdf used on input line 200.
(pdftex.def)             Requested size: 406.87064pt x 170.71672pt.
Package epstopdf Info: Source file: <Images/8_9_single_hist_neutral_performance
.eps>
(epstopdf)                    date: 2016-11-20 14:21:25
(epstopdf)                    size: 56097 bytes
(epstopdf)             Output file: <Images/8_9_single_hist_neutral_performance
-eps-converted-to.pdf>
(epstopdf)                    date: 2016-11-20 14:39:43
(epstopdf)                    size: 29348 bytes
(epstopdf)             Command: <repstopdf --outfile=Images/8_9_single_hist_neu
tral_performance-eps-converted-to.pdf Images/8_9_single_hist_neutral_performanc
e.eps>
(epstopdf)             \includegraphics on input line 207.
Package epstopdf Info: Output file is already uptodate.

<Images/8_9_single_hist_neutral_performance-eps-converted-to.pdf, id=2056, 1445
.4pt x 722.7pt>
File: Images/8_9_single_hist_neutral_performance-eps-converted-to.pdf Graphic f
ile (type pdf)

<use Images/8_9_single_hist_neutral_performance-eps-converted-to.pdf>
Package pdftex.def Info: Images/8_9_single_hist_neutral_performance-eps-convert
ed-to.pdf used on input line 207.
(pdftex.def)             Requested size: 406.87064pt x 170.71672pt.
 [87

]
[88 <./Images/8_8_single_hist_neutral_convergence-eps-converted-to.pdf> <./Imag
es/8_9_single_hist_neutral_performance-eps-converted-to.pdf>]
Package epstopdf Info: Source file: <Images/8_10_single_hist_sensitive_converge
nce.eps>
(epstopdf)                    date: 2016-11-20 14:45:41
(epstopdf)                    size: 77540 bytes
(epstopdf)             Output file: <Images/8_10_single_hist_sensitive_converge
nce-eps-converted-to.pdf>
(epstopdf)                    date: 2016-11-20 14:48:37
(epstopdf)                    size: 30544 bytes
(epstopdf)             Command: <repstopdf --outfile=Images/8_10_single_hist_se
nsitive_convergence-eps-converted-to.pdf Images/8_10_single_hist_sensitive_conv
ergence.eps>
(epstopdf)             \includegraphics on input line 240.
Package epstopdf Info: Output file is already uptodate.

<Images/8_10_single_hist_sensitive_convergence-eps-converted-to.pdf, id=2170, 1
445.4pt x 722.7pt>
File: Images/8_10_single_hist_sensitive_convergence-eps-converted-to.pdf Graphi
c file (type pdf)

<use Images/8_10_single_hist_sensitive_convergence-eps-converted-to.pdf>
Package pdftex.def Info: Images/8_10_single_hist_sensitive_convergence-eps-conv
erted-to.pdf used on input line 240.
(pdftex.def)             Requested size: 406.87064pt x 170.71672pt.
Package epstopdf Info: Source file: <Images/8_11_single_hist_sensitive_performa
nce.eps>
(epstopdf)                    date: 2016-11-20 14:45:41
(epstopdf)                    size: 50224 bytes
(epstopdf)             Output file: <Images/8_11_single_hist_sensitive_performa
nce-eps-converted-to.pdf>
(epstopdf)                    date: 2016-11-20 14:48:37
(epstopdf)                    size: 28161 bytes
(epstopdf)             Command: <repstopdf --outfile=Images/8_11_single_hist_se
nsitive_performance-eps-converted-to.pdf Images/8_11_single_hist_sensitive_perf
ormance.eps>
(epstopdf)             \includegraphics on input line 247.
Package epstopdf Info: Output file is already uptodate.

<Images/8_11_single_hist_sensitive_performance-eps-converted-to.pdf, id=2171, 1
445.4pt x 722.7pt>
File: Images/8_11_single_hist_sensitive_performance-eps-converted-to.pdf Graphi
c file (type pdf)

<use Images/8_11_single_hist_sensitive_performance-eps-converted-to.pdf>
Package pdftex.def Info: Images/8_11_single_hist_sensitive_performance-eps-conv
erted-to.pdf used on input line 247.
(pdftex.def)             Requested size: 406.87064pt x 170.71672pt.

[89

] [90 <./Images/8_10_single_hist_sensitive_convergence-eps-converted-to.pdf> <.
/Images/8_11_single_hist_sensitive_performance-eps-converted-to.pdf>])
(./Chapters/9_Conclusions.tex
Chapter 9.

Underfull \hbox (badness 10000) in paragraph at lines 7--14

 []

[91


] [92] [93]) [94] (./Appendix/A_Implementation.tex
Appendix A.
[95


] [96]
LaTeX Font Info:    Font shape `OT1/cmtt/bx/n' in size <14.4> not available
(Font)              Font shape `OT1/cmtt/m/n' tried instead on input line 43.


Package hyperref Warning: Token not allowed in a PDF string (PDFDocEncoding):
(hyperref)                removing `\lstinline' on input line 43.


Package hyperref Warning: Token not allowed in a PDF string (PDFDocEncoding):
(hyperref)                removing `\lstinline' on input line 43.


Package hyperref Warning: Token not allowed in a PDF string (PDFDocEncoding):
(hyperref)                removing `\lstinline' on input line 43.


Package hyperref Warning: Token not allowed in a PDF string (PDFDocEncoding):
(hyperref)                removing `\lstinline' on input line 43.

<Images/A_agent_environment_interaction.png, id=2353, 1583.9175pt x 600.06pt>
File: Images/A_agent_environment_interaction.png Graphic file (type png)

<use Images/A_agent_environment_interaction.png>
Package pdftex.def Info: Images/A_agent_environment_interaction.png used on inp
ut line 46.
(pdftex.def)             Requested size: 660.10394pt x 250.08237pt.


LaTeX Warning: `!h' float specifier changed to `!ht'.

[97] [98 <./Images/A_agent_environment_interaction.png>]

Package hyperref Warning: Token not allowed in a PDF string (PDFDocEncoding):
(hyperref)                removing `\lstinline' on input line 54.

<Images/A_agent.png, id=2369, 1667.685pt x 885.3075pt>
File: Images/A_agent.png Graphic file (type png)

<use Images/A_agent.png>
Package pdftex.def Info: Images/A_agent.png used on input line 61.
(pdftex.def)             Requested size: 660.10394pt x 350.42885pt.

Overfull \hbox (0.15993pt too wide) in paragraph at lines 55--65
\OT1/cmr/m/n/12 We pro-vide two ex-am-ples of con-crete im-ple-men-ta-tions of 
the [][][].
 []

[99

] [100] [101 <./Images/A_agent.png>]

Package hyperref Warning: Token not allowed in a PDF string (PDFDocEncoding):
(hyperref)                removing `\lstinline' on input line 74.


Package hyperref Warning: Token not allowed in a PDF string (PDFDocEncoding):
(hyperref)                removing `subscript' on input line 74.


Package hyperref Warning: Token not allowed in a PDF string (PDFDocEncoding):
(hyperref)                removing `subscript' on input line 74.


Package hyperref Warning: Token not allowed in a PDF string (PDFDocEncoding):
(hyperref)                removing `\lstinline' on input line 76.


Package hyperref Warning: Token not allowed in a PDF string (PDFDocEncoding):
(hyperref)                removing `subscript' on input line 76.


Package hyperref Warning: Token not allowed in a PDF string (PDFDocEncoding):
(hyperref)                removing `\lstinline' on input line 78.


Package hyperref Warning: Token not allowed in a PDF string (PDFDocEncoding):
(hyperref)                removing `subscript' on input line 78.


Package hyperref Warning: Token not allowed in a PDF string (PDFDocEncoding):
(hyperref)                removing `\lstinline' on input line 80.

[102

]) [103] [104] (./thesis.bbl [105


] [106] [107] [108] [109] [110] [111]
[112]) [113]
\openout6 = `thesis.acn'.

Package glossaries Info: Writing glossary file thesis.acn on input line 80.
Package atveryend Info: Empty hook `BeforeClearDocument' on input line 80.
Package atveryend Info: Empty hook `AfterLastShipout' on input line 80.
 (./thesis.aux (./Abstract/abstract.aux)
(./Acknowledgements/acknowledgements.aux))
Package atveryend Info: Executing hook `AtVeryEndDocument' on input line 80.
Package atveryend Info: Executing hook `AtEndAfterFileList' on input line 80.
Package rerunfilecheck Info: File `thesis.out' has not changed.
(rerunfilecheck)             Checksum: C128862CEA836240F6A6DDD9B834F758;6788.


LaTeX Warning: There were multiply-defined labels.

 ) 
Here is how much of TeX's memory you used:
 26146 strings out of 494458
 437204 string characters out of 6166029
 583014 words of memory out of 5000000
 28052 multiletter control sequences out of 15000+600000
 25723 words of font info for 106 fonts, out of 8000000 for 9000
 350 hyphenation exceptions out of 8191
 63i,22n,75p,2729b,1943s stack positions out of 5000i,500n,10000p,200000b,80000s
 </home/pierpaolo/.texmf-var/fonts/pk/ljfour/public/bbm/bbm12.600pk></usr/sha
re/texlive/texmf-dist/fonts/type1/public/amsfonts/cm/cmbx12.pfb></usr/share/tex
live/texmf-dist/fonts/type1/public/amsfonts/cm/cmbxti10.pfb></usr/share/texlive
/texmf-dist/fonts/type1/public/amsfonts/cm/cmcsc10.pfb></usr/share/texlive/texm
f-dist/fonts/type1/public/amsfonts/cm/cmex10.pfb></usr/share/texlive/texmf-dist
/fonts/type1/public/amsfonts/cm/cmmi12.pfb></usr/share/texlive/texmf-dist/fonts
/type1/public/amsfonts/cm/cmmi6.pfb></usr/share/texlive/texmf-dist/fonts/type1/
public/amsfonts/cm/cmmi8.pfb></usr/share/texlive/texmf-dist/fonts/type1/public/
amsfonts/cm/cmr10.pfb></usr/share/texlive/texmf-dist/fonts/type1/public/amsfont
s/cm/cmr12.pfb></usr/share/texlive/texmf-dist/fonts/type1/public/amsfonts/cm/cm
r6.pfb></usr/share/texlive/texmf-dist/fonts/type1/public/amsfonts/cm/cmr7.pfb><
/usr/share/texlive/texmf-dist/fonts/type1/public/amsfonts/cm/cmr8.pfb></usr/sha
re/texlive/texmf-dist/fonts/type1/public/amsfonts/cm/cmsy10.pfb></usr/share/tex
live/texmf-dist/fonts/type1/public/amsfonts/cm/cmsy6.pfb></usr/share/texlive/te
xmf-dist/fonts/type1/public/amsfonts/cm/cmsy8.pfb></usr/share/texlive/texmf-dis
t/fonts/type1/public/amsfonts/cm/cmti12.pfb></usr/share/texlive/texmf-dist/font
s/type1/public/amsfonts/cm/cmti8.pfb></usr/share/texlive/texmf-dist/fonts/type1
/public/amsfonts/cm/cmtt10.pfb></usr/share/texlive/texmf-dist/fonts/type1/publi
c/amsfonts/cm/cmtt12.pfb></usr/share/texlive/texmf-dist/fonts/type1/public/amsf
onts/symbols/msbm10.pfb>
Output written on thesis.pdf (133 pages, 2791955 bytes).
PDF statistics:
 2683 PDF objects out of 2984 (max. 8388607)
 1942 compressed objects within 20 object streams
 645 named destinations out of 1000 (max. 500000)
 842 words of extra memory for PDF output out of 10000 (max. 10000000)

