This is pdfTeX, Version 3.1415926-2.5-1.40.14 (TeX Live 2013/Debian) (format=pdflatex 2016.11.12)  18 DEC 2016 21:33
entering extended mode
 restricted \write18 enabled.
 %&-line parsing enabled.
**presentation.tex
(./presentation.tex
LaTeX2e <2011/06/27>
Babel <3.9h> and hyphenation patterns for 27 languages loaded.
(/usr/share/texmf/tex/latex/beamer/base/beamer.cls
(/usr/share/texmf/tex/latex/beamer/base/beamerbasercs.sty
Package: beamerbasercs 2012/11/13 (rcs-revision cb16a617839f)
)
Document Class: beamer 2012/10/15 development version 3.24 A class for typesett
ing presentations (rcs-revision 24853e6b98cf)
(/usr/share/texmf/tex/latex/beamer/base/beamerbasemodes.sty
Package: beamerbasemodes 2012/04/15 (rcs-revision cc6557182d97)
\beamer@tempbox=\box26
\beamer@tempcount=\count79
\c@beamerpauses=\count80

(/usr/share/texmf/tex/latex/beamer/base/beamerbasedecode.sty
Package: beamerbasedecode 2010/05/01 (rcs-revision efa082c6111d)
\beamer@slideinframe=\count81
\beamer@minimum=\count82
)
\beamer@commentbox=\box27
\beamer@modecount=\count83
)
(/usr/share/texlive/texmf-dist/tex/generic/oberdiek/ifpdf.sty
Package: ifpdf 2011/01/30 v2.3 Provides the ifpdf switch (HO)
Package ifpdf Info: pdfTeX in PDF mode is detected.
)
\headheight=\dimen102
\headdp=\dimen103
\footheight=\dimen104
\sidebarheight=\dimen105
\beamer@tempdim=\dimen106
\beamer@finalheight=\dimen107
\beamer@animht=\dimen108
\beamer@animdp=\dimen109
\beamer@animwd=\dimen110
\beamer@leftmargin=\dimen111
\beamer@rightmargin=\dimen112
\beamer@leftsidebar=\dimen113
\beamer@rightsidebar=\dimen114
\beamer@boxsize=\dimen115
\beamer@vboxoffset=\dimen116
\beamer@descdefault=\dimen117
\beamer@descriptionwidth=\dimen118
\beamer@lastskip=\skip41
\beamer@areabox=\box28
\beamer@animcurrent=\box29
\beamer@animshowbox=\box30
\beamer@sectionbox=\box31
\beamer@logobox=\box32
\beamer@linebox=\box33
\beamer@sectioncount=\count84
\beamer@subsubsectionmax=\count85
\beamer@subsectionmax=\count86
\beamer@sectionmax=\count87
\beamer@totalheads=\count88
\beamer@headcounter=\count89
\beamer@partstartpage=\count90
\beamer@sectionstartpage=\count91
\beamer@subsectionstartpage=\count92
\beamer@animationtempa=\count93
\beamer@animationtempb=\count94
\beamer@xpos=\count95
\beamer@ypos=\count96
\beamer@showpartnumber=\count97
\beamer@currentsubsection=\count98
\beamer@coveringdepth=\count99
\beamer@sectionadjust=\count100
\beamer@tocsectionnumber=\count101

(/usr/share/texmf/tex/latex/beamer/base/beamerbaseoptions.sty
Package: beamerbaseoptions 2010/04/27 (rcs-revision 982469101dd6)

(/usr/share/texlive/texmf-dist/tex/latex/graphics/keyval.sty
Package: keyval 1999/03/16 v1.13 key=value parser (DPC)
\KV@toks@=\toks14
))
\beamer@paperwidth=\skip42
\beamer@paperheight=\skip43

(/usr/share/texlive/texmf-dist/tex/latex/geometry/geometry.sty
Package: geometry 2010/09/12 v5.6 Page Geometry

(/usr/share/texlive/texmf-dist/tex/generic/oberdiek/ifvtex.sty
Package: ifvtex 2010/03/01 v1.5 Detect VTeX and its facilities (HO)
Package ifvtex Info: VTeX not detected.
)
(/usr/share/texlive/texmf-dist/tex/generic/ifxetex/ifxetex.sty
Package: ifxetex 2010/09/12 v0.6 Provides ifxetex conditional
)
\Gm@cnth=\count102
\Gm@cntv=\count103
\c@Gm@tempcnt=\count104
\Gm@bindingoffset=\dimen119
\Gm@wd@mp=\dimen120
\Gm@odd@mp=\dimen121
\Gm@even@mp=\dimen122
\Gm@layoutwidth=\dimen123
\Gm@layoutheight=\dimen124
\Gm@layouthoffset=\dimen125
\Gm@layoutvoffset=\dimen126
\Gm@dimlist=\toks15
)
(/usr/share/texlive/texmf-dist/tex/latex/base/size11.clo
File: size11.clo 2007/10/19 v1.4h Standard LaTeX file (size option)
)
(/usr/share/texmf/tex/latex/pgf/basiclayer/pgfcore.sty
(/usr/share/texlive/texmf-dist/tex/latex/graphics/graphicx.sty
Package: graphicx 1999/02/16 v1.0f Enhanced LaTeX Graphics (DPC,SPQR)

(/usr/share/texlive/texmf-dist/tex/latex/graphics/graphics.sty
Package: graphics 2009/02/05 v1.0o Standard LaTeX Graphics (DPC,SPQR)

(/usr/share/texlive/texmf-dist/tex/latex/graphics/trig.sty
Package: trig 1999/03/16 v1.09 sin cos tan (DPC)
)
(/usr/share/texlive/texmf-dist/tex/latex/latexconfig/graphics.cfg
File: graphics.cfg 2010/04/23 v1.9 graphics configuration of TeX Live
)
Package graphics Info: Driver file: pdftex.def on input line 91.

(/usr/share/texlive/texmf-dist/tex/latex/pdftex-def/pdftex.def
File: pdftex.def 2011/05/27 v0.06d Graphics/color for pdfTeX

(/usr/share/texlive/texmf-dist/tex/generic/oberdiek/infwarerr.sty
Package: infwarerr 2010/04/08 v1.3 Providing info/warning/error messages (HO)
)
(/usr/share/texlive/texmf-dist/tex/generic/oberdiek/ltxcmds.sty
Package: ltxcmds 2011/11/09 v1.22 LaTeX kernel commands for general use (HO)
)
\Gread@gobject=\count105
))
\Gin@req@height=\dimen127
\Gin@req@width=\dimen128
)
(/usr/share/texmf/tex/latex/pgf/systemlayer/pgfsys.sty
(/usr/share/texmf/tex/latex/pgf/utilities/pgfrcs.sty
(/usr/share/texmf/tex/generic/pgf/utilities/pgfutil-common.tex
\pgfutil@everybye=\toks16
)
(/usr/share/texmf/tex/generic/pgf/utilities/pgfutil-latex.def
\pgfutil@abb=\box34

(/usr/share/texlive/texmf-dist/tex/latex/ms/everyshi.sty
Package: everyshi 2001/05/15 v3.00 EveryShipout Package (MS)
))
(/usr/share/texmf/tex/generic/pgf/utilities/pgfrcs.code.tex
Package: pgfrcs 2010/10/25 v2.10 (rcs-revision 1.24)
))
(/usr/share/texmf/tex/generic/pgf/systemlayer/pgfsys.code.tex
Package: pgfsys 2010/06/30 v2.10 (rcs-revision 1.37)

(/usr/share/texmf/tex/generic/pgf/utilities/pgfkeys.code.tex
\pgfkeys@pathtoks=\toks17
\pgfkeys@temptoks=\toks18

(/usr/share/texmf/tex/generic/pgf/utilities/pgfkeysfiltered.code.tex
\pgfkeys@tmptoks=\toks19
))
\pgf@x=\dimen129
\pgf@y=\dimen130
\pgf@xa=\dimen131
\pgf@ya=\dimen132
\pgf@xb=\dimen133
\pgf@yb=\dimen134
\pgf@xc=\dimen135
\pgf@yc=\dimen136
\w@pgf@writea=\write3
\r@pgf@reada=\read1
\c@pgf@counta=\count106
\c@pgf@countb=\count107
\c@pgf@countc=\count108
\c@pgf@countd=\count109

(/usr/share/texmf/tex/generic/pgf/systemlayer/pgf.cfg
File: pgf.cfg 2008/05/14  (rcs-revision 1.7)
)
Package pgfsys Info: Driver file for pgf: pgfsys-pdftex.def on input line 900.

(/usr/share/texmf/tex/generic/pgf/systemlayer/pgfsys-pdftex.def
File: pgfsys-pdftex.def 2009/05/22  (rcs-revision 1.26)

(/usr/share/texmf/tex/generic/pgf/systemlayer/pgfsys-common-pdf.def
File: pgfsys-common-pdf.def 2008/05/19  (rcs-revision 1.10)
)))
(/usr/share/texmf/tex/generic/pgf/systemlayer/pgfsyssoftpath.code.tex
File: pgfsyssoftpath.code.tex 2008/07/18  (rcs-revision 1.7)
\pgfsyssoftpath@smallbuffer@items=\count110
\pgfsyssoftpath@bigbuffer@items=\count111
)
(/usr/share/texmf/tex/generic/pgf/systemlayer/pgfsysprotocol.code.tex
File: pgfsysprotocol.code.tex 2006/10/16  (rcs-revision 1.4)
))
(/usr/share/texmf/tex/latex/xcolor/xcolor.sty
Package: xcolor 2007/01/21 v2.11 LaTeX color extensions (UK)

(/usr/share/texlive/texmf-dist/tex/latex/latexconfig/color.cfg
File: color.cfg 2007/01/18 v1.5 color configuration of teTeX/TeXLive
)
Package xcolor Info: Driver file: pdftex.def on input line 225.
Package xcolor Info: Model `cmy' substituted by `cmy0' on input line 1337.
Package xcolor Info: Model `hsb' substituted by `rgb' on input line 1341.
Package xcolor Info: Model `RGB' extended on input line 1353.
Package xcolor Info: Model `HTML' substituted by `rgb' on input line 1355.
Package xcolor Info: Model `Hsb' substituted by `hsb' on input line 1356.
Package xcolor Info: Model `tHsb' substituted by `hsb' on input line 1357.
Package xcolor Info: Model `HSB' substituted by `hsb' on input line 1358.
Package xcolor Info: Model `Gray' substituted by `gray' on input line 1359.
Package xcolor Info: Model `wave' substituted by `hsb' on input line 1360.
)
(/usr/share/texmf/tex/generic/pgf/basiclayer/pgfcore.code.tex
Package: pgfcore 2010/04/11 v2.10 (rcs-revision 1.7)

(/usr/share/texmf/tex/generic/pgf/math/pgfmath.code.tex
(/usr/share/texmf/tex/generic/pgf/math/pgfmathcalc.code.tex
(/usr/share/texmf/tex/generic/pgf/math/pgfmathutil.code.tex)
(/usr/share/texmf/tex/generic/pgf/math/pgfmathparser.code.tex
\pgfmath@dimen=\dimen137
\pgfmath@count=\count112
\pgfmath@box=\box35
\pgfmath@toks=\toks20
\pgfmath@stack@operand=\toks21
\pgfmath@stack@operation=\toks22
)
(/usr/share/texmf/tex/generic/pgf/math/pgfmathfunctions.code.tex
(/usr/share/texmf/tex/generic/pgf/math/pgfmathfunctions.basic.code.tex)
(/usr/share/texmf/tex/generic/pgf/math/pgfmathfunctions.trigonometric.code.tex)
(/usr/share/texmf/tex/generic/pgf/math/pgfmathfunctions.random.code.tex)
(/usr/share/texmf/tex/generic/pgf/math/pgfmathfunctions.comparison.code.tex)
(/usr/share/texmf/tex/generic/pgf/math/pgfmathfunctions.base.code.tex)
(/usr/share/texmf/tex/generic/pgf/math/pgfmathfunctions.round.code.tex)
(/usr/share/texmf/tex/generic/pgf/math/pgfmathfunctions.misc.code.tex)))
(/usr/share/texmf/tex/generic/pgf/math/pgfmathfloat.code.tex
\c@pgfmathroundto@lastzeros=\count113
))
(/usr/share/texmf/tex/generic/pgf/basiclayer/pgfcorepoints.code.tex
File: pgfcorepoints.code.tex 2010/04/09  (rcs-revision 1.20)
\pgf@picminx=\dimen138
\pgf@picmaxx=\dimen139
\pgf@picminy=\dimen140
\pgf@picmaxy=\dimen141
\pgf@pathminx=\dimen142
\pgf@pathmaxx=\dimen143
\pgf@pathminy=\dimen144
\pgf@pathmaxy=\dimen145
\pgf@xx=\dimen146
\pgf@xy=\dimen147
\pgf@yx=\dimen148
\pgf@yy=\dimen149
\pgf@zx=\dimen150
\pgf@zy=\dimen151
)
(/usr/share/texmf/tex/generic/pgf/basiclayer/pgfcorepathconstruct.code.tex
File: pgfcorepathconstruct.code.tex 2010/08/03  (rcs-revision 1.24)
\pgf@path@lastx=\dimen152
\pgf@path@lasty=\dimen153
)
(/usr/share/texmf/tex/generic/pgf/basiclayer/pgfcorepathusage.code.tex
File: pgfcorepathusage.code.tex 2008/04/22  (rcs-revision 1.12)
\pgf@shorten@end@additional=\dimen154
\pgf@shorten@start@additional=\dimen155
)
(/usr/share/texmf/tex/generic/pgf/basiclayer/pgfcorescopes.code.tex
File: pgfcorescopes.code.tex 2010/09/08  (rcs-revision 1.34)
\pgfpic=\box36
\pgf@hbox=\box37
\pgf@layerbox@main=\box38
\pgf@picture@serial@count=\count114
)
(/usr/share/texmf/tex/generic/pgf/basiclayer/pgfcoregraphicstate.code.tex
File: pgfcoregraphicstate.code.tex 2008/04/22  (rcs-revision 1.9)
\pgflinewidth=\dimen156
)
(/usr/share/texmf/tex/generic/pgf/basiclayer/pgfcoretransformations.code.tex
File: pgfcoretransformations.code.tex 2009/06/10  (rcs-revision 1.11)
\pgf@pt@x=\dimen157
\pgf@pt@y=\dimen158
\pgf@pt@temp=\dimen159
)
(/usr/share/texmf/tex/generic/pgf/basiclayer/pgfcorequick.code.tex
File: pgfcorequick.code.tex 2008/10/09  (rcs-revision 1.3)
)
(/usr/share/texmf/tex/generic/pgf/basiclayer/pgfcoreobjects.code.tex
File: pgfcoreobjects.code.tex 2006/10/11  (rcs-revision 1.2)
)
(/usr/share/texmf/tex/generic/pgf/basiclayer/pgfcorepathprocessing.code.tex
File: pgfcorepathprocessing.code.tex 2008/10/09  (rcs-revision 1.8)
)
(/usr/share/texmf/tex/generic/pgf/basiclayer/pgfcorearrows.code.tex
File: pgfcorearrows.code.tex 2008/04/23  (rcs-revision 1.11)
)
(/usr/share/texmf/tex/generic/pgf/basiclayer/pgfcoreshade.code.tex
File: pgfcoreshade.code.tex 2008/11/23  (rcs-revision 1.13)
\pgf@max=\dimen160
\pgf@sys@shading@range@num=\count115
)
(/usr/share/texmf/tex/generic/pgf/basiclayer/pgfcoreimage.code.tex
File: pgfcoreimage.code.tex 2010/03/25  (rcs-revision 1.16)

(/usr/share/texmf/tex/generic/pgf/basiclayer/pgfcoreexternal.code.tex
File: pgfcoreexternal.code.tex 2010/09/01  (rcs-revision 1.17)
\pgfexternal@startupbox=\box39
))
(/usr/share/texmf/tex/generic/pgf/basiclayer/pgfcorelayers.code.tex
File: pgfcorelayers.code.tex 2010/08/27  (rcs-revision 1.2)
)
(/usr/share/texmf/tex/generic/pgf/basiclayer/pgfcoretransparency.code.tex
File: pgfcoretransparency.code.tex 2008/01/17  (rcs-revision 1.2)
)
(/usr/share/texmf/tex/generic/pgf/basiclayer/pgfcorepatterns.code.tex
File: pgfcorepatterns.code.tex 2009/07/02  (rcs-revision 1.3)
)))
(/usr/share/texmf/tex/latex/pgf/utilities/xxcolor.sty
Package: xxcolor 2003/10/24 ver 0.1
\XC@nummixins=\count116
\XC@countmixins=\count117
)
(/usr/share/texlive/texmf-dist/tex/latex/hyperref/hyperref.sty
Package: hyperref 2012/11/06 v6.83m Hypertext links for LaTeX

(/usr/share/texlive/texmf-dist/tex/generic/oberdiek/hobsub-hyperref.sty
Package: hobsub-hyperref 2012/05/28 v1.13 Bundle oberdiek, subset hyperref (HO)


(/usr/share/texlive/texmf-dist/tex/generic/oberdiek/hobsub-generic.sty
Package: hobsub-generic 2012/05/28 v1.13 Bundle oberdiek, subset generic (HO)
Package: hobsub 2012/05/28 v1.13 Construct package bundles (HO)
Package hobsub Info: Skipping package `infwarerr' (already loaded).
Package hobsub Info: Skipping package `ltxcmds' (already loaded).
Package: ifluatex 2010/03/01 v1.3 Provides the ifluatex switch (HO)
Package ifluatex Info: LuaTeX not detected.
Package hobsub Info: Skipping package `ifvtex' (already loaded).
Package: intcalc 2007/09/27 v1.1 Expandable calculations with integers (HO)
Package hobsub Info: Skipping package `ifpdf' (already loaded).
Package: etexcmds 2011/02/16 v1.5 Avoid name clashes with e-TeX commands (HO)
Package etexcmds Info: Could not find \expanded.
(etexcmds)             That can mean that you are not using pdfTeX 1.50 or
(etexcmds)             that some package has redefined \expanded.
(etexcmds)             In the latter case, load this package earlier.
Package: kvsetkeys 2012/04/25 v1.16 Key value parser (HO)
Package: kvdefinekeys 2011/04/07 v1.3 Define keys (HO)
Package: pdftexcmds 2011/11/29 v0.20 Utility functions of pdfTeX for LuaTeX (HO
)
Package pdftexcmds Info: LuaTeX not detected.
Package pdftexcmds Info: \pdf@primitive is available.
Package pdftexcmds Info: \pdf@ifprimitive is available.
Package pdftexcmds Info: \pdfdraftmode found.
Package: pdfescape 2011/11/25 v1.13 Implements pdfTeX's escape features (HO)
Package: bigintcalc 2012/04/08 v1.3 Expandable calculations on big integers (HO
)
Package: bitset 2011/01/30 v1.1 Handle bit-vector datatype (HO)
Package: uniquecounter 2011/01/30 v1.2 Provide unlimited unique counter (HO)
)
Package hobsub Info: Skipping package `hobsub' (already loaded).
Package: letltxmacro 2010/09/02 v1.4 Let assignment for LaTeX macros (HO)
Package: hopatch 2012/05/28 v1.2 Wrapper for package hooks (HO)
Package: xcolor-patch 2011/01/30 xcolor patch
Package: atveryend 2011/06/30 v1.8 Hooks at the very end of document (HO)
Package atveryend Info: \enddocument detected (standard20110627).
Package: atbegshi 2011/10/05 v1.16 At begin shipout hook (HO)
Package: refcount 2011/10/16 v3.4 Data extraction from label references (HO)
Package: hycolor 2011/01/30 v1.7 Color options for hyperref/bookmark (HO)
)
(/usr/share/texlive/texmf-dist/tex/latex/oberdiek/auxhook.sty
Package: auxhook 2011/03/04 v1.3 Hooks for auxiliary files (HO)
)
(/usr/share/texlive/texmf-dist/tex/latex/oberdiek/kvoptions.sty
Package: kvoptions 2011/06/30 v3.11 Key value format for package options (HO)
)
\@linkdim=\dimen161
\Hy@linkcounter=\count118
\Hy@pagecounter=\count119

(/usr/share/texlive/texmf-dist/tex/latex/hyperref/pd1enc.def
File: pd1enc.def 2012/11/06 v6.83m Hyperref: PDFDocEncoding definition (HO)
)
\Hy@SavedSpaceFactor=\count120

(/usr/share/texlive/texmf-dist/tex/latex/latexconfig/hyperref.cfg
File: hyperref.cfg 2002/06/06 v1.2 hyperref configuration of TeXLive
)
Package hyperref Info: Option `bookmarks' set `true' on input line 4319.
Package hyperref Info: Option `bookmarksopen' set `true' on input line 4319.
Package hyperref Info: Option `implicit' set `false' on input line 4319.
Package hyperref Info: Hyper figures OFF on input line 4443.
Package hyperref Info: Link nesting OFF on input line 4448.
Package hyperref Info: Hyper index ON on input line 4451.
Package hyperref Info: Plain pages OFF on input line 4458.
Package hyperref Info: Backreferencing OFF on input line 4463.
Package hyperref Info: Implicit mode OFF; no redefinition of LaTeX internals.
Package hyperref Info: Bookmarks ON on input line 4688.
\c@Hy@tempcnt=\count121

(/usr/share/texlive/texmf-dist/tex/latex/url/url.sty
\Urlmuskip=\muskip10
Package: url 2013/09/16  ver 3.4  Verb mode for urls, etc.
)
LaTeX Info: Redefining \url on input line 5041.
\XeTeXLinkMargin=\dimen162
\Fld@menulength=\count122
\Field@Width=\dimen163
\Fld@charsize=\dimen164
Package hyperref Info: Hyper figures OFF on input line 6295.
Package hyperref Info: Link nesting OFF on input line 6300.
Package hyperref Info: Hyper index ON on input line 6303.
Package hyperref Info: backreferencing OFF on input line 6310.
Package hyperref Info: Link coloring OFF on input line 6315.
Package hyperref Info: Link coloring with OCG OFF on input line 6320.
Package hyperref Info: PDF/A mode OFF on input line 6325.
LaTeX Info: Redefining \ref on input line 6365.
LaTeX Info: Redefining \pageref on input line 6369.
\Hy@abspage=\count123


Package hyperref Message: Stopped early.

)

Package hyperref Message: Driver (autodetected): hpdftex.

(/usr/share/texlive/texmf-dist/tex/latex/hyperref/hpdftex.def
File: hpdftex.def 2012/11/06 v6.83m Hyperref driver for pdfTeX
\Fld@listcount=\count124
\c@bookmark@seq@number=\count125

(/usr/share/texlive/texmf-dist/tex/latex/oberdiek/rerunfilecheck.sty
Package: rerunfilecheck 2011/04/15 v1.7 Rerun checks for auxiliary files (HO)
Package uniquecounter Info: New unique counter `rerunfilecheck' on input line 2
82.
))
(/usr/share/texmf/tex/latex/beamer/base/beamerbaserequires.sty
Package: beamerbaserequires 2010/05/01  (rcs-revision efa082c6111d)

(/usr/share/texmf/tex/latex/beamer/base/beamerbasecompatibility.sty
Package: beamerbasecompatibility 2012/05/01  (rcs-revision 67c48b3b652d)
)
(/usr/share/texmf/tex/latex/beamer/base/beamerbasefont.sty
Package: beamerbasefont 2012/09/19  (rcs-revision 733629cd0c6c)

(/usr/share/texlive/texmf-dist/tex/latex/amsfonts/amssymb.sty
Package: amssymb 2013/01/14 v3.01 AMS font symbols

(/usr/share/texlive/texmf-dist/tex/latex/amsfonts/amsfonts.sty
Package: amsfonts 2013/01/14 v3.01 Basic AMSFonts support
\@emptytoks=\toks23
\symAMSa=\mathgroup4
\symAMSb=\mathgroup5
LaTeX Font Info:    Overwriting math alphabet `\mathfrak' in version `bold'
(Font)                  U/euf/m/n --> U/euf/b/n on input line 106.
)))
(/usr/share/texmf/tex/latex/beamer/base/beamerbasetranslator.sty
Package: beamerbasetranslator 2010/06/11  (rcs-revision 85fd1cc7fc42)

(/usr/share/texmf/tex/latex/beamer/base/translator/translator.sty
Package: translator 2010/06/12 ver 1.10

(/usr/share/texmf/tex/latex/beamer/base/translator/translator-language-mappings
.tex))) (/usr/share/texmf/tex/latex/beamer/base/beamerbasemisc.sty
Package: beamerbasemisc 2012/02/24  (rcs-revision 2ff5461be705)
)
(/usr/share/texmf/tex/latex/beamer/base/beamerbasetwoscreens.sty
Package: beamerbasetwoscreens 2010/05/01  (rcs-revision efa082c6111d)
)
(/usr/share/texmf/tex/latex/beamer/base/beamerbaseoverlay.sty
Package: beamerbaseoverlay 2012/11/11  (rcs-revision 6afbc49b1109)
\beamer@argscount=\count126
\beamer@lastskipcover=\skip44
\beamer@trivlistdepth=\count127
)
(/usr/share/texmf/tex/latex/beamer/base/beamerbasetitle.sty
Package: beamerbasetitle 2010/09/21  (rcs-revision f0446ed0b6ae)
)
(/usr/share/texmf/tex/latex/beamer/base/beamerbasesection.sty
Package: beamerbasesection 2012/11/11  (rcs-revision 0056eef6f17f)
\c@lecture=\count128
\c@part=\count129
\c@section=\count130
\c@subsection=\count131
\c@subsubsection=\count132
)
(/usr/share/texmf/tex/latex/beamer/base/beamerbaseframe.sty
Package: beamerbaseframe 2012/09/13  (rcs-revision dcd846607320)
\beamer@framebox=\box40
\beamer@frametitlebox=\box41
\beamer@zoombox=\box42
\beamer@zoomcount=\count133
\beamer@zoomframecount=\count134
\beamer@frametextheight=\dimen165
\c@subsectionslide=\count135
\beamer@frametopskip=\skip45
\beamer@framebottomskip=\skip46
\beamer@frametopskipautobreak=\skip47
\beamer@framebottomskipautobreak=\skip48
\beamer@envbody=\toks24
\framewidth=\dimen166
\c@framenumber=\count136
)
(/usr/share/texmf/tex/latex/beamer/base/beamerbaseverbatim.sty
Package: beamerbaseverbatim 2012/08/30  (rcs-revision dfdb135076b3)
\beamer@verbatimfileout=\write4
)
(/usr/share/texmf/tex/latex/beamer/base/beamerbaseframesize.sty
Package: beamerbaseframesize 2011/09/12  (rcs-revision 70f9d8411e54)
\beamer@splitbox=\box43
\beamer@autobreakcount=\count137
\beamer@autobreaklastheight=\dimen167
\beamer@frametitletoks=\toks25
\beamer@framesubtitletoks=\toks26
)
(/usr/share/texmf/tex/latex/beamer/base/beamerbaseframecomponents.sty
Package: beamerbaseframecomponents 2012/09/13  (rcs-revision dcd846607320)
\beamer@footins=\box44
)
(/usr/share/texmf/tex/latex/beamer/base/beamerbasecolor.sty
Package: beamerbasecolor 2010/06/06  (rcs-revision d1a9b48be06d)
)
(/usr/share/texmf/tex/latex/beamer/base/beamerbasenotes.sty
Package: beamerbasenotes 2010/05/01  (rcs-revision efa082c6111d)
\beamer@frameboxcopy=\box45
)
(/usr/share/texmf/tex/latex/beamer/base/beamerbasetoc.sty
Package: beamerbasetoc 2012/10/02  (rcs-revision 5ed0f4010e8a)
)
(/usr/share/texmf/tex/latex/beamer/base/beamerbasetemplates.sty
Package: beamerbasetemplates 2010/05/01  (rcs-revision efa082c6111d)
\beamer@sbttoks=\toks27

(/usr/share/texmf/tex/latex/beamer/base/beamerbaseauxtemplates.sty
Package: beamerbaseauxtemplates 2012/05/01  (rcs-revision 67c48b3b652d)

(/usr/share/texmf/tex/latex/beamer/base/beamerbaseboxes.sty
Package: beamerbaseboxes 2012/05/13  (rcs-revision 56972908a390)
\bmb@box=\box46
\bmb@colorbox=\box47
\bmb@boxshadow=\box48
\bmb@boxshadowball=\box49
\bmb@boxshadowballlarge=\box50
\bmb@temp=\dimen168
\bmb@dima=\dimen169
\bmb@dimb=\dimen170
\bmb@prevheight=\dimen171
)
\beamer@blockheadheight=\dimen172
))
(/usr/share/texmf/tex/latex/beamer/base/beamerbaselocalstructure.sty
Package: beamerbaselocalstructure 2012/11/13  (rcs-revision ddfba79dac19)

(/usr/share/texlive/texmf-dist/tex/latex/tools/enumerate.sty
Package: enumerate 1999/03/05 v3.00 enumerate extensions (DPC)
\@enLab=\toks28
)
\c@figure=\count138
\c@table=\count139
\abovecaptionskip=\skip49
\belowcaptionskip=\skip50
)
(/usr/share/texmf/tex/latex/beamer/base/beamerbasenavigation.sty
Package: beamerbasenavigation 2012/04/03  (rcs-revision 42a0f21a412d)
\beamer@section@min@dim=\dimen173
)
(/usr/share/texmf/tex/latex/beamer/base/beamerbasetheorems.sty
Package: beamerbasetheorems 2010/06/06  (rcs-revision 7e7cc5e53e9d)

(/usr/share/texlive/texmf-dist/tex/latex/amsmath/amsmath.sty
Package: amsmath 2013/01/14 v2.14 AMS math features
\@mathmargin=\skip51

For additional information on amsmath, use the `?' option.
(/usr/share/texlive/texmf-dist/tex/latex/amsmath/amstext.sty
Package: amstext 2000/06/29 v2.01

(/usr/share/texlive/texmf-dist/tex/latex/amsmath/amsgen.sty
File: amsgen.sty 1999/11/30 v2.0
\@emptytoks=\toks29
\ex@=\dimen174
))
(/usr/share/texlive/texmf-dist/tex/latex/amsmath/amsbsy.sty
Package: amsbsy 1999/11/29 v1.2d
\pmbraise@=\dimen175
)
(/usr/share/texlive/texmf-dist/tex/latex/amsmath/amsopn.sty
Package: amsopn 1999/12/14 v2.01 operator names
)
\inf@bad=\count140
LaTeX Info: Redefining \frac on input line 210.
\uproot@=\count141
\leftroot@=\count142
LaTeX Info: Redefining \overline on input line 306.
\classnum@=\count143
\DOTSCASE@=\count144
LaTeX Info: Redefining \ldots on input line 378.
LaTeX Info: Redefining \dots on input line 381.
LaTeX Info: Redefining \cdots on input line 466.
\Mathstrutbox@=\box51
\strutbox@=\box52
\big@size=\dimen176
LaTeX Font Info:    Redeclaring font encoding OML on input line 566.
LaTeX Font Info:    Redeclaring font encoding OMS on input line 567.
\macc@depth=\count145
\c@MaxMatrixCols=\count146
\dotsspace@=\muskip11
\c@parentequation=\count147
\dspbrk@lvl=\count148
\tag@help=\toks30
\row@=\count149
\column@=\count150
\maxfields@=\count151
\andhelp@=\toks31
\eqnshift@=\dimen177
\alignsep@=\dimen178
\tagshift@=\dimen179
\tagwidth@=\dimen180
\totwidth@=\dimen181
\lineht@=\dimen182
\@envbody=\toks32
\multlinegap=\skip52
\multlinetaggap=\skip53
\mathdisplay@stack=\toks33
LaTeX Info: Redefining \[ on input line 2665.
LaTeX Info: Redefining \] on input line 2666.
)
(/usr/share/texlive/texmf-dist/tex/latex/amscls/amsthm.sty
Package: amsthm 2004/08/06 v2.20
\thm@style=\toks34
\thm@bodyfont=\toks35
\thm@headfont=\toks36
\thm@notefont=\toks37
\thm@headpunct=\toks38
\thm@preskip=\skip54
\thm@postskip=\skip55
\thm@headsep=\skip56
\dth@everypar=\toks39
)
\c@theorem=\count152
)
(/usr/share/texmf/tex/latex/beamer/base/beamerbasethemes.sty
Package: beamerbasethemes 2010/05/01  (rcs-revision efa082c6111d)
))
(/usr/share/texmf/tex/latex/beamer/base/themes/theme/beamerthemedefault.sty
Package: beamerthemedefault 2010/06/17  (rcs-revision d02a7cf4d8ae)

(/usr/share/texmf/tex/latex/beamer/base/themes/font/beamerfontthemedefault.sty
Package: beamerfontthemedefault 2010/06/17  (rcs-revision d02a7cf4d8ae)
)
(/usr/share/texmf/tex/latex/beamer/base/themes/color/beamercolorthemedefault.st
y
Package: beamercolorthemedefault 2010/06/17  (rcs-revision d02a7cf4d8ae)
)
(/usr/share/texmf/tex/latex/beamer/base/themes/inner/beamerinnerthemedefault.st
y
Package: beamerinnerthemedefault 2012/05/01  (rcs-revision 67c48b3b652d)
\beamer@dima=\dimen183
\beamer@dimb=\dimen184
)
(/usr/share/texmf/tex/latex/beamer/base/themes/outer/beamerouterthemedefault.st
y
Package: beamerouterthemedefault 2012/10/02  (rcs-revision 5ed0f4010e8a)
))) (./Style/style.sty

LaTeX Warning: You have requested package `Style/style',
               but the package provides `style'.

Package: style 
(/usr/share/texmf/tex/latex/beamer/base/themes/theme/beamerthemeboxes.sty
Package: beamerthemeboxes 2010/06/17  (rcs-revision d02a7cf4d8ae)
\beamer@boxheadheight=\dimen185
\beamer@boxfootheight=\dimen186
\beamer@headboxes=\count153
\beamer@headboxsizes=\dimen187
\beamer@currentbox=\count154
\beamer@footboxes=\count155
\beamer@footboxsizes=\dimen188
)
(/usr/share/texmf/tex/latex/beamer/base/themes/color/beamercolorthemebeaver.sty
Package: beamercolorthemebeaver 2010/06/17  (rcs-revision d02a7cf4d8ae)
) (/usr/share/texlive/texmf-dist/tex/generic/babel/babel.sty
Package: babel 2013/12/03 3.9h The Babel package

(/usr/share/texlive/texmf-dist/tex/generic/babel-english/english.ldf
Language: english 2012/08/20 v3.3p English support from the babel system

(/usr/share/texlive/texmf-dist/tex/generic/babel/babel.def
File: babel.def 2013/12/03 3.9h Babel common definitions
LaTeX Info: Redefining \textlatin on input line 137.
\babel@savecnt=\count156
\U@D=\dimen189
)
\l@british = a dialect from \language\l@english 
\l@UKenglish = a dialect from \language\l@english 
\l@canadian = a dialect from \language\l@american 
\l@australian = a dialect from \language\l@british 
\l@newzealand = a dialect from \language\l@british 
))
(/usr/share/texlive/texmf-dist/tex/latex/booktabs/booktabs.sty
Package: booktabs 2005/04/14 v1.61803 publication quality tables
\heavyrulewidth=\dimen190
\lightrulewidth=\dimen191
\cmidrulewidth=\dimen192
\belowrulesep=\dimen193
\belowbottomsep=\dimen194
\aboverulesep=\dimen195
\abovetopsep=\dimen196
\cmidrulesep=\dimen197
\cmidrulekern=\dimen198
\defaultaddspace=\dimen199
\@cmidla=\count157
\@cmidlb=\count158
\@aboverulesep=\dimen200
\@belowrulesep=\dimen201
\@thisruleclass=\count159
\@lastruleclass=\count160
\@thisrulewidth=\dimen202
)
(/usr/share/texlive/texmf-dist/tex/latex/carlisle/remreset.sty)
(/usr/share/texmf/tex/latex/pgf/frontendlayer/tikz.sty
(/usr/share/texmf/tex/latex/pgf/basiclayer/pgf.sty
Package: pgf 2008/01/15 v2.10 (rcs-revision 1.12)

(/usr/share/texmf/tex/generic/pgf/modules/pgfmoduleshapes.code.tex
File: pgfmoduleshapes.code.tex 2010/09/09  (rcs-revision 1.13)
\pgfnodeparttextbox=\box53
)
(/usr/share/texmf/tex/generic/pgf/modules/pgfmoduleplot.code.tex
File: pgfmoduleplot.code.tex 2010/10/22  (rcs-revision 1.8)
)
(/usr/share/texmf/tex/latex/pgf/compatibility/pgfcomp-version-0-65.sty
Package: pgfcomp-version-0-65 2007/07/03 v2.10 (rcs-revision 1.7)
\pgf@nodesepstart=\dimen203
\pgf@nodesepend=\dimen204
)
(/usr/share/texmf/tex/latex/pgf/compatibility/pgfcomp-version-1-18.sty
Package: pgfcomp-version-1-18 2007/07/23 v2.10 (rcs-revision 1.1)
))
(/usr/share/texmf/tex/latex/pgf/utilities/pgffor.sty
(/usr/share/texmf/tex/latex/pgf/utilities/pgfkeys.sty
(/usr/share/texmf/tex/generic/pgf/utilities/pgfkeys.code.tex))
(/usr/share/texmf/tex/generic/pgf/utilities/pgffor.code.tex
Package: pgffor 2010/03/23 v2.10 (rcs-revision 1.18)
\pgffor@iter=\dimen205
\pgffor@skip=\dimen206
\pgffor@stack=\toks40
\pgffor@toks=\toks41
))
(/usr/share/texmf/tex/generic/pgf/frontendlayer/tikz/tikz.code.tex
Package: tikz 2010/10/13 v2.10 (rcs-revision 1.76)

(/usr/share/texmf/tex/generic/pgf/libraries/pgflibraryplothandlers.code.tex
File: pgflibraryplothandlers.code.tex 2010/05/31 v2.10 (rcs-revision 1.15)
\pgf@plot@mark@count=\count161
\pgfplotmarksize=\dimen207
)
\tikz@lastx=\dimen208
\tikz@lasty=\dimen209
\tikz@lastxsaved=\dimen210
\tikz@lastysaved=\dimen211
\tikzleveldistance=\dimen212
\tikzsiblingdistance=\dimen213
\tikz@figbox=\box54
\tikz@tempbox=\box55
\tikztreelevel=\count162
\tikznumberofchildren=\count163
\tikznumberofcurrentchild=\count164
\tikz@fig@count=\count165

(/usr/share/texmf/tex/generic/pgf/modules/pgfmodulematrix.code.tex
File: pgfmodulematrix.code.tex 2010/08/24  (rcs-revision 1.4)
\pgfmatrixcurrentrow=\count166
\pgfmatrixcurrentcolumn=\count167
\pgf@matrix@numberofcolumns=\count168
)
\tikz@expandcount=\count169

(/usr/share/texmf/tex/generic/pgf/frontendlayer/tikz/libraries/tikzlibrarytopat
hs.code.tex
File: tikzlibrarytopaths.code.tex 2008/06/17 v2.10 (rcs-revision 1.2)
))) (/usr/share/texlive/texmf-dist/tex/latex/listings/listings.sty
\lst@mode=\count170
\lst@gtempboxa=\box56
\lst@token=\toks42
\lst@length=\count171
\lst@currlwidth=\dimen214
\lst@column=\count172
\lst@pos=\count173
\lst@lostspace=\dimen215
\lst@width=\dimen216
\lst@newlines=\count174
\lst@lineno=\count175
\lst@maxwidth=\dimen217

(/usr/share/texlive/texmf-dist/tex/latex/listings/lstmisc.sty
File: lstmisc.sty 2013/08/26 1.5b (Carsten Heinz)
\c@lstnumber=\count176
\lst@skipnumbers=\count177
\lst@framebox=\box57
)
(/usr/share/texlive/texmf-dist/tex/latex/listings/listings.cfg
File: listings.cfg 2013/08/26 1.5b listings configuration
))
Package: listings 2013/08/26 1.5b (Carsten Heinz)

(/usr/share/texlive/texmf-dist/tex/latex/algorithms/algorithm.sty
Package: algorithm 2009/08/24 v0.1 Document Style `algorithm' - floating enviro
nment

(/usr/share/texlive/texmf-dist/tex/latex/float/float.sty
Package: float 2001/11/08 v1.3d Float enhancements (AL)
\c@float@type=\count178
\float@exts=\toks43
\float@box=\box58
\@float@everytoks=\toks44
\@floatcapt=\box59
)
(/usr/share/texlive/texmf-dist/tex/latex/base/ifthen.sty
Package: ifthen 2001/05/26 v1.1c Standard LaTeX ifthen package (DPC)
)
\@float@every@algorithm=\toks45
\c@algorithm=\count179
)
(/usr/share/texlive/texmf-dist/tex/latex/algorithmicx/algpseudocode.sty
Package: algpseudocode 

(/usr/share/texlive/texmf-dist/tex/latex/algorithmicx/algorithmicx.sty
Package: algorithmicx 2005/04/27 v1.2 Algorithmicx

Document Style algorithmicx 1.2 - a greatly improved `algorithmic' style
\c@ALG@line=\count180
\c@ALG@rem=\count181
\c@ALG@nested=\count182
\ALG@tlm=\skip57
\ALG@thistlm=\skip58
\c@ALG@Lnr=\count183
\c@ALG@blocknr=\count184
\c@ALG@storecount=\count185
\c@ALG@tmpcounter=\count186
\ALG@tmplength=\skip59
)
Document Style - pseudocode environments for use with the `algorithmicx' style
) (/usr/share/texlive/texmf-dist/tex/latex/caption/caption.sty
Package: caption 2013/05/02 v3.3-89 Customizing captions (AR)

(/usr/share/texlive/texmf-dist/tex/latex/caption/caption3.sty
Package: caption3 2013/05/02 v1.6-88 caption3 kernel (AR)
Package caption3 Info: TeX engine: e-TeX on input line 57.
\captionmargin=\dimen218
\captionmargin@=\dimen219
\captionwidth=\dimen220
\caption@tempdima=\dimen221
\caption@indent=\dimen222
\caption@parindent=\dimen223
\caption@hangindent=\dimen224
)
\c@ContinuedFloat=\count187
Package caption Info: beamer document class.
Package caption Info: float package is loaded.
Package caption Info: hyperref package is loaded.
Package caption Info: Hyperref support is turned off
(caption)             because hyperref has stopped early.
Package caption Info: listings package is loaded.
))
(./presentation.aux)
\openout1 = `presentation.aux'.

LaTeX Font Info:    Checking defaults for OML/cmm/m/it on input line 37.
LaTeX Font Info:    ... okay on input line 37.
LaTeX Font Info:    Checking defaults for T1/cmr/m/n on input line 37.
LaTeX Font Info:    ... okay on input line 37.
LaTeX Font Info:    Checking defaults for OT1/cmr/m/n on input line 37.
LaTeX Font Info:    ... okay on input line 37.
LaTeX Font Info:    Checking defaults for OMS/cmsy/m/n on input line 37.
LaTeX Font Info:    ... okay on input line 37.
LaTeX Font Info:    Checking defaults for OMX/cmex/m/n on input line 37.
LaTeX Font Info:    ... okay on input line 37.
LaTeX Font Info:    Checking defaults for U/cmr/m/n on input line 37.
LaTeX Font Info:    ... okay on input line 37.
LaTeX Font Info:    Checking defaults for PD1/pdf/m/n on input line 37.
LaTeX Font Info:    ... okay on input line 37.

*geometry* driver: auto-detecting
*geometry* detected driver: pdftex
*geometry* verbose mode - [ preamble ] result:
* driver: pdftex
* paper: custom
* layout: <same size as paper>
* layoutoffset:(h,v)=(0.0pt,0.0pt)
* modes: includehead includefoot 
* h-part:(L,W,R)=(28.45274pt, 398.3386pt, 28.45274pt)
* v-part:(T,H,B)=(0.0pt, 256.0748pt, 0.0pt)
* \paperwidth=455.24408pt
* \paperheight=256.0748pt
* \textwidth=398.3386pt
* \textheight=227.62207pt
* \oddsidemargin=-43.81725pt
* \evensidemargin=-43.81725pt
* \topmargin=-72.26999pt
* \headheight=14.22636pt
* \headsep=0.0pt
* \topskip=11.0pt
* \footskip=14.22636pt
* \marginparwidth=4.0pt
* \marginparsep=10.0pt
* \columnsep=10.0pt
* \skip\footins=10.0pt plus 4.0pt minus 2.0pt
* \hoffset=0.0pt
* \voffset=0.0pt
* \mag=1000
* \@twocolumnfalse
* \@twosidefalse
* \@mparswitchfalse
* \@reversemarginfalse
* (1in=72.27pt=25.4mm, 1cm=28.453pt)

(/usr/share/texlive/texmf-dist/tex/context/base/supp-pdf.mkii
[Loading MPS to PDF converter (version 2006.09.02).]
\scratchcounter=\count188
\scratchdimen=\dimen225
\scratchbox=\box60
\nofMPsegments=\count189
\nofMParguments=\count190
\everyMPshowfont=\toks46
\MPscratchCnt=\count191
\MPscratchDim=\dimen226
\MPnumerator=\count192
\makeMPintoPDFobject=\count193
\everyMPtoPDFconversion=\toks47
) (/usr/share/texlive/texmf-dist/tex/latex/oberdiek/epstopdf-base.sty
Package: epstopdf-base 2010/02/09 v2.5 Base part for package epstopdf

(/usr/share/texlive/texmf-dist/tex/latex/oberdiek/grfext.sty
Package: grfext 2010/08/19 v1.1 Manage graphics extensions (HO)
)
Package grfext Info: Graphics extension search list:
(grfext)             [.png,.pdf,.jpg,.mps,.jpeg,.jbig2,.jb2,.PNG,.PDF,.JPG,.JPE
G,.JBIG2,.JB2,.eps]
(grfext)             \AppendGraphicsExtensions on input line 452.

(/usr/share/texlive/texmf-dist/tex/latex/latexconfig/epstopdf-sys.cfg
File: epstopdf-sys.cfg 2010/07/13 v1.3 Configuration of (r)epstopdf for TeX Liv
e
))
ABD: EveryShipout initializing macros
\AtBeginShipoutBox=\box61
Package hyperref Info: Link coloring OFF on input line 37.

(/usr/share/texlive/texmf-dist/tex/latex/hyperref/nameref.sty
Package: nameref 2012/10/27 v2.43 Cross-referencing by name of section

(/usr/share/texlive/texmf-dist/tex/generic/oberdiek/gettitlestring.sty
Package: gettitlestring 2010/12/03 v1.4 Cleanup title references (HO)
)
\c@section@level=\count194
)
LaTeX Info: Redefining \ref on input line 37.
LaTeX Info: Redefining \pageref on input line 37.
LaTeX Info: Redefining \nameref on input line 37.

(./presentation.out) (./presentation.out)
\@outlinefile=\write5
\openout5 = `presentation.out'.

LaTeX Font Info:    Overwriting symbol font `operators' in version `normal'
(Font)                  OT1/cmr/m/n --> OT1/cmss/m/n on input line 37.
LaTeX Font Info:    Overwriting symbol font `operators' in version `bold'
(Font)                  OT1/cmr/bx/n --> OT1/cmss/bx/n on input line 37.
\symnumbers=\mathgroup6
\sympureletters=\mathgroup7
LaTeX Font Info:    Overwriting math alphabet `\mathrm' in version `normal'
(Font)                  OT1/cmss/m/n --> OT1/cmr/m/n on input line 37.
LaTeX Font Info:    Redeclaring math alphabet \mathbf on input line 37.
LaTeX Font Info:    Overwriting math alphabet `\mathbf' in version `normal'
(Font)                  OT1/cmr/bx/n --> OT1/cmss/bx/n on input line 37.
LaTeX Font Info:    Overwriting math alphabet `\mathbf' in version `bold'
(Font)                  OT1/cmr/bx/n --> OT1/cmss/bx/n on input line 37.
LaTeX Font Info:    Redeclaring math alphabet \mathsf on input line 37.
LaTeX Font Info:    Overwriting math alphabet `\mathsf' in version `normal'
(Font)                  OT1/cmss/m/n --> OT1/cmss/m/n on input line 37.
LaTeX Font Info:    Overwriting math alphabet `\mathsf' in version `bold'
(Font)                  OT1/cmss/bx/n --> OT1/cmss/m/n on input line 37.
LaTeX Font Info:    Redeclaring math alphabet \mathit on input line 37.
LaTeX Font Info:    Overwriting math alphabet `\mathit' in version `normal'
(Font)                  OT1/cmr/m/it --> OT1/cmss/m/it on input line 37.
LaTeX Font Info:    Overwriting math alphabet `\mathit' in version `bold'
(Font)                  OT1/cmr/bx/it --> OT1/cmss/m/it on input line 37.
LaTeX Font Info:    Redeclaring math alphabet \mathtt on input line 37.
LaTeX Font Info:    Overwriting math alphabet `\mathtt' in version `normal'
(Font)                  OT1/cmtt/m/n --> OT1/cmtt/m/n on input line 37.
LaTeX Font Info:    Overwriting math alphabet `\mathtt' in version `bold'
(Font)                  OT1/cmtt/m/n --> OT1/cmtt/m/n on input line 37.
LaTeX Font Info:    Overwriting symbol font `numbers' in version `bold'
(Font)                  OT1/cmss/m/n --> OT1/cmss/bx/n on input line 37.
LaTeX Font Info:    Overwriting symbol font `pureletters' in version `bold'
(Font)                  OT1/cmss/m/it --> OT1/cmss/bx/it on input line 37.
LaTeX Font Info:    Overwriting math alphabet `\mathrm' in version `bold'
(Font)                  OT1/cmss/bx/n --> OT1/cmr/bx/n on input line 37.
LaTeX Font Info:    Overwriting math alphabet `\mathbf' in version `bold'
(Font)                  OT1/cmss/bx/n --> OT1/cmss/bx/n on input line 37.
LaTeX Font Info:    Overwriting math alphabet `\mathsf' in version `bold'
(Font)                  OT1/cmss/m/n --> OT1/cmss/bx/n on input line 37.
LaTeX Font Info:    Overwriting math alphabet `\mathit' in version `bold'
(Font)                  OT1/cmss/m/it --> OT1/cmss/bx/it on input line 37.
LaTeX Font Info:    Overwriting math alphabet `\mathtt' in version `bold'
(Font)                  OT1/cmtt/m/n --> OT1/cmtt/bx/n on input line 37.

(/usr/share/texmf/tex/latex/beamer/base/translator/dicts/translator-basic-dicti
onary/translator-basic-dictionary-English.dict
Dictionary: translator-basic-dictionary, Language: English 
)
(/usr/share/texmf/tex/latex/beamer/base/translator/dicts/translator-bibliograph
y-dictionary/translator-bibliography-dictionary-English.dict
Dictionary: translator-bibliography-dictionary, Language: English 
)
(/usr/share/texmf/tex/latex/beamer/base/translator/dicts/translator-environment
-dictionary/translator-environment-dictionary-English.dict
Dictionary: translator-environment-dictionary, Language: English 
)
(/usr/share/texmf/tex/latex/beamer/base/translator/dicts/translator-months-dict
ionary/translator-months-dictionary-English.dict
Dictionary: translator-months-dictionary, Language: English 
)
(/usr/share/texmf/tex/latex/beamer/base/translator/dicts/translator-numbers-dic
tionary/translator-numbers-dictionary-English.dict
Dictionary: translator-numbers-dictionary, Language: English 
)
(/usr/share/texmf/tex/latex/beamer/base/translator/dicts/translator-theorem-dic
tionary/translator-theorem-dictionary-English.dict
Dictionary: translator-theorem-dictionary, Language: English 
)
LaTeX Info: Redefining \includegraphics on input line 37.
\c@lstlisting=\count195
Package caption Info: Begin \AtBeginDocument code.
Package caption Info: End \AtBeginDocument code.
 (./presentation.nav)
<Images/polimi_name.png, id=33, 803.0pt x 501.875pt>
File: Images/polimi_name.png Graphic file (type png)

<use Images/polimi_name.png>
Package pdftex.def Info: Images/polimi_name.png used on input line 45.
(pdftex.def)             Requested size: 159.333pt x 99.58444pt.
LaTeX Font Info:    Try loading font information for U+msa on input line 45.

(/usr/share/texlive/texmf-dist/tex/latex/amsfonts/umsa.fd
File: umsa.fd 2013/01/14 v3.01 AMS symbols A
)
LaTeX Font Info:    Try loading font information for U+msb on input line 45.

(/usr/share/texlive/texmf-dist/tex/latex/amsfonts/umsb.fd
File: umsb.fd 2013/01/14 v3.01 AMS symbols B
) [1

{/var/lib/texmf/fonts/map/pdftex/updmap/pdftex.map} <./Images/polimi_name.png>]

(./Sections/0_introduction.tex
<Images/0_NYSE_1926.jpg, id=44, 158.7531pt x 105.7551pt>
File: Images/0_NYSE_1926.jpg Graphic file (type jpg)

<use Images/0_NYSE_1926.jpg>
Package pdftex.def Info: Images/0_NYSE_1926.jpg used on input line 7.
(pdftex.def)             Requested size: 278.83578pt x 185.75194pt.


LaTeX Font Warning: Font shape `OT1/cmss/m/n' in size <4> not available
(Font)              size <5> substituted on input line 7.

[2

 <./Images/0_NYSE_1926.jpg>]
<Images/1_servers.jpg, id=51, 1823.81375pt x 1151.30125pt>
File: Images/1_servers.jpg Graphic file (type jpg)

<use Images/1_servers.jpg>
Package pdftex.def Info: Images/1_servers.jpg used on input line 15.
(pdftex.def)             Requested size: 278.83578pt x 176.00798pt.
 [3

 <./Images/1_servers.jpg>]) (./presentation.toc)
[4

] (./Sections/1_basics_of_reinforcement_learning.tex (./presentation.toc)
[5

] <Images/environment.png, id=78, 321.2pt x 322.20375pt>
File: Images/environment.png Graphic file (type png)

<use Images/environment.png>
Package pdftex.def Info: Images/environment.png used on input line 48.
(pdftex.def)             Requested size: 85.35826pt x 85.62448pt.
 <Images/agent.png, id=79, 330.23375pt x 321.2pt>
File: Images/agent.png Graphic file (type png)

<use Images/agent.png>
Package pdftex.def Info: Images/agent.png used on input line 48.
(pdftex.def)             Requested size: 85.35826pt x 83.02481pt.
 [6

 <./Images/environment.png (PNG copy)> <./Images/agent.png (PNG copy)>]
File: Images/environment.png Graphic file (type png)
 <use Images/environment.png>
Package pdftex.def Info: Images/environment.png used on input line 48.
(pdftex.def)             Requested size: 85.35826pt x 85.62448pt.
File: Images/agent.png Graphic file (type png)
 <use Images/agent.png>
Package pdftex.def Info: Images/agent.png used on input line 48.
(pdftex.def)             Requested size: 85.35826pt x 83.02481pt.
 [7

]
File: Images/environment.png Graphic file (type png)

<use Images/environment.png>
Package pdftex.def Info: Images/environment.png used on input line 48.
(pdftex.def)             Requested size: 85.35826pt x 85.62448pt.
File: Images/agent.png Graphic file (type png)
 <use Images/agent.png>
Package pdftex.def Info: Images/agent.png used on input line 48.
(pdftex.def)             Requested size: 85.35826pt x 83.02481pt.
 [8

]
File: Images/environment.png Graphic file (type png)

<use Images/environment.png>
Package pdftex.def Info: Images/environment.png used on input line 48.
(pdftex.def)             Requested size: 85.35826pt x 85.62448pt.
File: Images/agent.png Graphic file (type png)
 <use Images/agent.png>
Package pdftex.def Info: Images/agent.png used on input line 48.
(pdftex.def)             Requested size: 85.35826pt x 83.02481pt.
 [9

]
File: Images/environment.png Graphic file (type png)

<use Images/environment.png>
Package pdftex.def Info: Images/environment.png used on input line 48.
(pdftex.def)             Requested size: 85.35826pt x 85.62448pt.
File: Images/agent.png Graphic file (type png)
 <use Images/agent.png>
Package pdftex.def Info: Images/agent.png used on input line 48.
(pdftex.def)             Requested size: 85.35826pt x 83.02481pt.
 [10

]
File: Images/environment.png Graphic file (type png)

<use Images/environment.png>
Package pdftex.def Info: Images/environment.png used on input line 48.
(pdftex.def)             Requested size: 85.35826pt x 85.62448pt.
File: Images/agent.png Graphic file (type png)
 <use Images/agent.png>
Package pdftex.def Info: Images/agent.png used on input line 48.
(pdftex.def)             Requested size: 85.35826pt x 83.02481pt.
 [11

]
File: Images/environment.png Graphic file (type png)

<use Images/environment.png>
Package pdftex.def Info: Images/environment.png used on input line 48.
(pdftex.def)             Requested size: 85.35826pt x 85.62448pt.
File: Images/agent.png Graphic file (type png)
 <use Images/agent.png>
Package pdftex.def Info: Images/agent.png used on input line 48.
(pdftex.def)             Requested size: 85.35826pt x 83.02481pt.
 [12

]
File: Images/environment.png Graphic file (type png)

<use Images/environment.png>
Package pdftex.def Info: Images/environment.png used on input line 48.
(pdftex.def)             Requested size: 85.35826pt x 85.62448pt.
File: Images/agent.png Graphic file (type png)
 <use Images/agent.png>
Package pdftex.def Info: Images/agent.png used on input line 48.
(pdftex.def)             Requested size: 85.35826pt x 83.02481pt.
 [13

]
File: Images/environment.png Graphic file (type png)

<use Images/environment.png>
Package pdftex.def Info: Images/environment.png used on input line 48.
(pdftex.def)             Requested size: 85.35826pt x 85.62448pt.
File: Images/agent.png Graphic file (type png)
 <use Images/agent.png>
Package pdftex.def Info: Images/agent.png used on input line 48.
(pdftex.def)             Requested size: 85.35826pt x 83.02481pt.
 [14

] [15

] [16

] [17

]
[18

] [19

] [20

] [21

] [22

] [23

] [24

])
(./Sections/2_policy_gradient_algorithms.tex (./presentation.toc) [25

] [26

]
[27

] [28

] [29

] [30

] [31

] [32

] [33

] [34

] [35

] [36

])
(./Sections/3_asset_allocation_problem.tex (./presentation.toc) [37

]
Overfull \vbox (69.7078pt too high) detected at line 66
 []

[38

]
Overfull \vbox (69.7078pt too high) detected at line 66
 []

[39

]
Overfull \vbox (69.7078pt too high) detected at line 66
 []

[40

]
Overfull \vbox (69.7078pt too high) detected at line 66
 []

[41

]
Overfull \vbox (69.7078pt too high) detected at line 66
 []

[42

]
Overfull \vbox (69.7078pt too high) detected at line 66
 []

[43

]
Overfull \vbox (69.7078pt too high) detected at line 66
 []

[44

]
Overfull \vbox (69.7078pt too high) detected at line 66
 []

[45

]
Package epstopdf Info: Source file: <Images/6_0_single_synthetic_neutral_conver
gence.eps>
(epstopdf)                    date: 2016-11-19 19:25:58
(epstopdf)                    size: 83275 bytes
(epstopdf)             Output file: <Images/6_0_single_synthetic_neutral_conver
gence-eps-converted-to.pdf>
(epstopdf)                    date: 2016-12-10 21:29:09
(epstopdf)                    size: 33019 bytes
(epstopdf)             Command: <repstopdf --outfile=Images/6_0_single_syntheti
c_neutral_convergence-eps-converted-to.pdf Images/6_0_single_synthetic_neutral_
convergence.eps>
(epstopdf)             \includegraphics on input line 73.
Package epstopdf Info: Output file is already uptodate.

<Images/6_0_single_synthetic_neutral_convergence-eps-converted-to.pdf, id=314, 
1445.4pt x 722.7pt>
File: Images/6_0_single_synthetic_neutral_convergence-eps-converted-to.pdf Grap
hic file (type pdf)

<use Images/6_0_single_synthetic_neutral_convergence-eps-converted-to.pdf>
Package pdftex.def Info: Images/6_0_single_synthetic_neutral_convergence-eps-co
nverted-to.pdf used on input line 73.
(pdftex.def)             Requested size: 318.67268pt x 142.26576pt.

[46

 <./Images/6_0_single_synthetic_neutral_convergence-eps-converted-to.pdf>]
Package epstopdf Info: Source file: <Images/6_1_single_synthetic_neutral_perfor
mance.eps>
(epstopdf)                    date: 2016-11-19 19:26:03
(epstopdf)                    size: 369257 bytes
(epstopdf)             Output file: <Images/6_1_single_synthetic_neutral_perfor
mance-eps-converted-to.pdf>
(epstopdf)                    date: 2016-12-10 21:29:10
(epstopdf)                    size: 112330 bytes
(epstopdf)             Command: <repstopdf --outfile=Images/6_1_single_syntheti
c_neutral_performance-eps-converted-to.pdf Images/6_1_single_synthetic_neutral_
performance.eps>
(epstopdf)             \includegraphics on input line 81.
Package epstopdf Info: Output file is already uptodate.

<Images/6_1_single_synthetic_neutral_performance-eps-converted-to.pdf, id=371, 
1445.4pt x 722.7pt>
File: Images/6_1_single_synthetic_neutral_performance-eps-converted-to.pdf Grap
hic file (type pdf)

<use Images/6_1_single_synthetic_neutral_performance-eps-converted-to.pdf>
Package pdftex.def Info: Images/6_1_single_synthetic_neutral_performance-eps-co
nverted-to.pdf used on input line 81.
(pdftex.def)             Requested size: 318.67268pt x 170.71672pt.

[47

 <./Images/6_1_single_synthetic_neutral_performance-eps-converted-to.pdf>]
Package epstopdf Info: Source file: <Images/6_2_impact_transaction_costs.eps>
(epstopdf)                    date: 2016-11-20 13:02:04
(epstopdf)                    size: 57862 bytes
(epstopdf)             Output file: <Images/6_2_impact_transaction_costs-eps-co
nverted-to.pdf>
(epstopdf)                    date: 2016-12-10 21:29:10
(epstopdf)                    size: 25474 bytes
(epstopdf)             Command: <repstopdf --outfile=Images/6_2_impact_transact
ion_costs-eps-converted-to.pdf Images/6_2_impact_transaction_costs.eps>
(epstopdf)             \includegraphics on input line 92.
Package epstopdf Info: Output file is already uptodate.

<Images/6_2_impact_transaction_costs-eps-converted-to.pdf, id=424, 1445.4pt x 7
22.7pt>
File: Images/6_2_impact_transaction_costs-eps-converted-to.pdf Graphic file (ty
pe pdf)
 <use Images/6_2_impact_transaction_costs-eps-converted-to.pdf>
Package pdftex.def Info: Images/6_2_impact_transaction_costs-eps-converted-to.p
df used on input line 92.
(pdftex.def)             Requested size: 318.67268pt x 85.35284pt.
Package epstopdf Info: Source file: <Images/6_3_impact_short_selling_fees.eps>
(epstopdf)                    date: 2016-11-19 22:06:01
(epstopdf)                    size: 54194 bytes
(epstopdf)             Output file: <Images/6_3_impact_short_selling_fees-eps-c
onverted-to.pdf>
(epstopdf)                    date: 2016-12-10 21:29:10
(epstopdf)                    size: 25124 bytes
(epstopdf)             Command: <repstopdf --outfile=Images/6_3_impact_short_se
lling_fees-eps-converted-to.pdf Images/6_3_impact_short_selling_fees.eps>
(epstopdf)             \includegraphics on input line 92.
Package epstopdf Info: Output file is already uptodate.

<Images/6_3_impact_short_selling_fees-eps-converted-to.pdf, id=425, 1445.4pt x 
722.7pt>
File: Images/6_3_impact_short_selling_fees-eps-converted-to.pdf Graphic file (t
ype pdf)
 <use Images/6_3_impact_short_selling_fees-eps-converted-to.pdf>
Package pdftex.def Info: Images/6_3_impact_short_selling_fees-eps-converted-to.
pdf used on input line 92.
(pdftex.def)             Requested size: 318.67268pt x 85.35284pt.

[48

 <./Images/6_2_impact_transaction_costs-eps-converted-to.pdf> <./Images/6_3_imp
act_short_selling_fees-eps-converted-to.pdf>]
Package epstopdf Info: Source file: <Images/8_9_single_hist_neutral_performance
.eps>
(epstopdf)                    date: 2016-11-20 14:21:25
(epstopdf)                    size: 56097 bytes
(epstopdf)             Output file: <Images/8_9_single_hist_neutral_performance
-eps-converted-to.pdf>
(epstopdf)                    date: 2016-12-11 16:04:13
(epstopdf)                    size: 29348 bytes
(epstopdf)             Command: <repstopdf --outfile=Images/8_9_single_hist_neu
tral_performance-eps-converted-to.pdf Images/8_9_single_hist_neutral_performanc
e.eps>
(epstopdf)             \includegraphics on input line 126.
Package epstopdf Info: Output file is already uptodate.

<Images/8_9_single_hist_neutral_performance-eps-converted-to.pdf, id=529, 1445.
4pt x 722.7pt>
File: Images/8_9_single_hist_neutral_performance-eps-converted-to.pdf Graphic f
ile (type pdf)

<use Images/8_9_single_hist_neutral_performance-eps-converted-to.pdf>
Package pdftex.def Info: Images/8_9_single_hist_neutral_performance-eps-convert
ed-to.pdf used on input line 126.
(pdftex.def)             Requested size: 159.333pt x 79.66264pt.
 [49

 <./Images/8_9_single_hist_neutral_performance-eps-converted-to.pdf>]
Package epstopdf Info: Source file: <Images/8_9_single_hist_neutral_performance
.eps>
(epstopdf)                    date: 2016-11-20 14:21:25
(epstopdf)                    size: 56097 bytes
(epstopdf)             Output file: <Images/8_9_single_hist_neutral_performance
-eps-converted-to.pdf>
(epstopdf)                    date: 2016-12-11 16:04:13
(epstopdf)                    size: 29348 bytes
(epstopdf)             Command: <repstopdf --outfile=Images/8_9_single_hist_neu
tral_performance-eps-converted-to.pdf Images/8_9_single_hist_neutral_performanc
e.eps>
(epstopdf)             \includegraphics on input line 126.
Package epstopdf Info: Output file is already uptodate.
File: Images/8_9_single_hist_neutral_performance-eps-converted-to.pdf Graphic f
ile (type pdf)

<use Images/8_9_single_hist_neutral_performance-eps-converted-to.pdf>
Package pdftex.def Info: Images/8_9_single_hist_neutral_performance-eps-convert
ed-to.pdf used on input line 126.
(pdftex.def)             Requested size: 159.333pt x 79.66264pt.
 [50

]
Package epstopdf Info: Source file: <Images/8_9_single_hist_neutral_performance
.eps>
(epstopdf)                    date: 2016-11-20 14:21:25
(epstopdf)                    size: 56097 bytes
(epstopdf)             Output file: <Images/8_9_single_hist_neutral_performance
-eps-converted-to.pdf>
(epstopdf)                    date: 2016-12-11 16:04:13
(epstopdf)                    size: 29348 bytes
(epstopdf)             Command: <repstopdf --outfile=Images/8_9_single_hist_neu
tral_performance-eps-converted-to.pdf Images/8_9_single_hist_neutral_performanc
e.eps>
(epstopdf)             \includegraphics on input line 126.
Package epstopdf Info: Output file is already uptodate.
File: Images/8_9_single_hist_neutral_performance-eps-converted-to.pdf Graphic f
ile (type pdf)

<use Images/8_9_single_hist_neutral_performance-eps-converted-to.pdf>
Package pdftex.def Info: Images/8_9_single_hist_neutral_performance-eps-convert
ed-to.pdf used on input line 126.
(pdftex.def)             Requested size: 159.333pt x 79.66264pt.
 [51

]
Package epstopdf Info: Source file: <Images/8_9_single_hist_neutral_performance
.eps>
(epstopdf)                    date: 2016-11-20 14:21:25
(epstopdf)                    size: 56097 bytes
(epstopdf)             Output file: <Images/8_9_single_hist_neutral_performance
-eps-converted-to.pdf>
(epstopdf)                    date: 2016-12-11 16:04:13
(epstopdf)                    size: 29348 bytes
(epstopdf)             Command: <repstopdf --outfile=Images/8_9_single_hist_neu
tral_performance-eps-converted-to.pdf Images/8_9_single_hist_neutral_performanc
e.eps>
(epstopdf)             \includegraphics on input line 126.
Package epstopdf Info: Output file is already uptodate.
File: Images/8_9_single_hist_neutral_performance-eps-converted-to.pdf Graphic f
ile (type pdf)

<use Images/8_9_single_hist_neutral_performance-eps-converted-to.pdf>
Package pdftex.def Info: Images/8_9_single_hist_neutral_performance-eps-convert
ed-to.pdf used on input line 126.
(pdftex.def)             Requested size: 159.333pt x 79.66264pt.
 [52

]
Package epstopdf Info: Source file: <Images/8_9_single_hist_neutral_performance
.eps>
(epstopdf)                    date: 2016-11-20 14:21:25
(epstopdf)                    size: 56097 bytes
(epstopdf)             Output file: <Images/8_9_single_hist_neutral_performance
-eps-converted-to.pdf>
(epstopdf)                    date: 2016-12-11 16:04:13
(epstopdf)                    size: 29348 bytes
(epstopdf)             Command: <repstopdf --outfile=Images/8_9_single_hist_neu
tral_performance-eps-converted-to.pdf Images/8_9_single_hist_neutral_performanc
e.eps>
(epstopdf)             \includegraphics on input line 126.
Package epstopdf Info: Output file is already uptodate.
File: Images/8_9_single_hist_neutral_performance-eps-converted-to.pdf Graphic f
ile (type pdf)

<use Images/8_9_single_hist_neutral_performance-eps-converted-to.pdf>
Package pdftex.def Info: Images/8_9_single_hist_neutral_performance-eps-convert
ed-to.pdf used on input line 126.
(pdftex.def)             Requested size: 159.333pt x 79.66264pt.
 [53

])
(./Sections/4_conclusions.tex (./presentation.toc) [54

] [55

] [56

]) [57

]
\c@finalframe=\count196

(./presentation.bbl) [58

 </usr/share/texmf/tex/latex/beamer/base/art/beamericonarticle.pdf>] (./Section
s/appendix.tex [59

]
Overfull \vbox (4.62866pt too high) detected at line 47
 []

[60

] [61

] [62

]
Overfull \hbox (18.615pt too wide) detected at line 112
[]
 []


Overfull \vbox (4.66571pt too high) detected at line 112
 []

[63

] [64

] [65

]
<Images/AgentEnvironmentInteractionReduced.png, id=683, 602.25pt x 251.3025pt>
File: Images/AgentEnvironmentInteractionReduced.png Graphic file (type png)

<use Images/AgentEnvironmentInteractionReduced.png>
Package pdftex.def Info: Images/AgentEnvironmentInteractionReduced.png used on 
input line 177.
(pdftex.def)             Requested size: 318.67209pt x 132.97878pt.
 [66

 <./Images/AgentEnvironmentInteractionReduced.png>]
<Images/agent_reduced.png, id=689, 1255.965pt x 749.5275pt>
File: Images/agent_reduced.png Graphic file (type png)

<use Images/agent_reduced.png>
Package pdftex.def Info: Images/agent_reduced.png used on input line 184.
(pdftex.def)             Requested size: 318.67209pt x 190.172pt.
 [67

 <./Images/agent_reduced.png>]
Overfull \vbox (1.5598pt too high) detected at line 231
 []

[68

])
\tf@nav=\write6
\openout6 = `presentation.nav'.

\tf@toc=\write7
\openout7 = `presentation.toc'.

\tf@snm=\write8
\openout8 = `presentation.snm'.

Package atveryend Info: Empty hook `BeforeClearDocument' on input line 95.
Package atveryend Info: Empty hook `AfterLastShipout' on input line 95.
 (./presentation.aux)
Package atveryend Info: Executing hook `AtVeryEndDocument' on input line 95.
Package atveryend Info: Executing hook `AtEndAfterFileList' on input line 95.
Package rerunfilecheck Info: File `presentation.out' has not changed.
(rerunfilecheck)             Checksum: A93A6550B497FCE698AFA4A2909EF2B7;289.


LaTeX Font Warning: Size substitutions with differences
(Font)              up to 1.0pt have occurred.

Package atveryend Info: Empty hook `AtVeryVeryEnd' on input line 95.
 ) 
Here is how much of TeX's memory you used:
 21865 strings out of 494458
 404228 string characters out of 6166029
 492499 words of memory out of 5000000
 24428 multiletter control sequences out of 15000+600000
 20179 words of font info for 75 fonts, out of 8000000 for 9000
 350 hyphenation exceptions out of 8191
 50i,17n,60p,401b,1510s stack positions out of 5000i,500n,10000p,200000b,80000s
</usr/share/texlive/texmf-dist/fonts/type1/public/amsfonts/cm/cmex10.pfb></us
r/share/texlive/texmf-dist/fonts/type1/public/amsfonts/cm/cmmi10.pfb></usr/shar
e/texlive/texmf-dist/fonts/type1/public/amsfonts/cm/cmmi12.pfb></usr/share/texl
ive/texmf-dist/fonts/type1/public/amsfonts/cm/cmmi6.pfb></usr/share/texlive/tex
mf-dist/fonts/type1/public/amsfonts/cm/cmmi8.pfb></usr/share/texlive/texmf-dist
/fonts/type1/public/amsfonts/cm/cmss10.pfb></usr/share/texlive/texmf-dist/fonts
/type1/public/amsfonts/cm/cmss12.pfb></usr/share/texlive/texmf-dist/fonts/type1
/public/amsfonts/cm/cmss17.pfb></usr/share/texlive/texmf-dist/fonts/type1/publi
c/amsfonts/cm/cmss8.pfb></usr/share/texlive/texmf-dist/fonts/type1/public/amsfo
nts/cm/cmss9.pfb></usr/share/texlive/texmf-dist/fonts/type1/public/amsfonts/cm/
cmssbx10.pfb></usr/share/texlive/texmf-dist/fonts/type1/public/amsfonts/cm/cmss
i10.pfb></usr/share/texlive/texmf-dist/fonts/type1/public/amsfonts/cm/cmssi12.p
fb></usr/share/texlive/texmf-dist/fonts/type1/public/amsfonts/cm/cmssi8.pfb></u
sr/share/texlive/texmf-dist/fonts/type1/public/amsfonts/cm/cmsy10.pfb></usr/sha
re/texlive/texmf-dist/fonts/type1/public/amsfonts/cm/cmsy6.pfb></usr/share/texl
ive/texmf-dist/fonts/type1/public/amsfonts/cm/cmsy8.pfb></usr/share/texlive/tex
mf-dist/fonts/type1/public/amsfonts/cm/cmtt10.pfb></usr/share/texlive/texmf-dis
t/fonts/type1/public/amsfonts/cm/cmtt12.pfb></usr/share/texlive/texmf-dist/font
s/type1/public/amsfonts/symbols/msbm10.pfb>
Output written on presentation.pdf (68 pages, 1871143 bytes).
PDF statistics:
 801 PDF objects out of 1000 (max. 8388607)
 458 compressed objects within 5 object streams
 146 named destinations out of 1000 (max. 500000)
 155 words of extra memory for PDF output out of 10000 (max. 10000000)

